<?xml version="1.0" encoding="UTF-8"?>
<!-- Generated by org.testng.reporters.JUnitXMLReporter -->
<testsuite hostname="DESKTOP-PSP68KB" ignored="0" name="flipkart" tests="4" failures="0" timestamp="24 Apr 2022 00:01:12 GMT" time="74.977" errors="0">
  <testcase name="HomePageTitleTest" time="0.069" classname="com.Tour.qa.testdata.HomePageTest"/>
  <testcase name="CheckBanner" time="0.107" classname="com.Tour.qa.testdata.HomePageTest"/>
  <testcase name="CheckModifyCancel" time="1.439" classname="com.Tour.qa.testdata.HomePageTest"/>
  <testcase name="CheckOurchaseTicket" time="1.606" classname="com.Tour.qa.testdata.HomePageTest"/>
</testsuite> <!-- flipkart -->
