<?xml version="1.0" encoding="UTF-8"?>
<!-- Generated by org.testng.reporters.JUnitXMLReporter -->
<testsuite hostname="DESKTOP-PSP68KB" ignored="0" name="flipkart1" tests="11" failures="0" timestamp="24 Apr 2022 00:07:21 GMT" time="250.791" errors="0">
  <testcase name="ChooseTourPageTitleTest" time="0.034" classname="com.Tour.qa.testdata.ChooseTourTest"/>
  <testcase name="validateBanne" time="0.087" classname="com.Tour.qa.testdata.ChooseTourTest"/>
  <testcase name="validateText1" time="0.049" classname="com.Tour.qa.testdata.ChooseTourTest"/>
  <testcase name="InputGroupSizeOfTHEORIGINAL" time="3.29" classname="com.Tour.qa.testdata.ChooseTourTest"/>
  <testcase name="InputGroupSizeOfTHEDELUXE" time="2.151" classname="com.Tour.qa.testdata.ChooseTourTest"/>
  <testcase name="TestInvalidInout1" time="5.358" classname="com.Tour.qa.testdata.ChooseTourTest"/>
  <testcase name="TestInvalidInout2" time="5.418" classname="com.Tour.qa.testdata.ChooseTourTest"/>
  <testcase name="Slider" time="0.094" classname="com.Tour.qa.testdata.ChooseTourTest"/>
  <testcase name="PageHeading" time="0.106" classname="com.Tour.qa.testdata.ChooseTourTest"/>
  <testcase name="TestSliderPreBut" time="0.045" classname="com.Tour.qa.testdata.ChooseTourTest"/>
  <testcase name="TestSliderNextBut" time="0.103" classname="com.Tour.qa.testdata.ChooseTourTest"/>
</testsuite> <!-- flipkart1 -->
