<?xml version="1.0" encoding="UTF-8"?>
<!-- Generated by org.testng.reporters.JUnitXMLReporter -->
<testsuite hostname="DESKTOP-PSP68KB" ignored="0" name="Myntra3" tests="10" failures="0" timestamp="24 Apr 2022 01:08:46 GMT" time="594.274" errors="0">
  <testcase name="validateTitle" time="0.01" classname="com.Tour.qa.testdata.PaymentPageTest"/>
  <testcase name="validateQuantityTest" time="0.073" classname="com.Tour.qa.testdata.PaymentPageTest"/>
  <testcase name="validateUnit" time="0.077" classname="com.Tour.qa.testdata.PaymentPageTest"/>
  <testcase name="validateTax" time="0.082" classname="com.Tour.qa.testdata.PaymentPageTest"/>
  <testcase name="validatePrice" time="0.097" classname="com.Tour.qa.testdata.PaymentPageTest"/>
  <testcase name="validateTotal" time="0.107" classname="com.Tour.qa.testdata.PaymentPageTest"/>
  <testcase name="validatePayment" time="16.975" classname="com.Tour.qa.testdata.PaymentPageTest"/>
  <testcase name="validatePaymentwithemptyInput" time="9.346" classname="com.Tour.qa.testdata.PaymentPageTest"/>
  <testcase name="validatePaymentwithinvalidInput" time="9.43" classname="com.Tour.qa.testdata.PaymentPageTest"/>
  <testcase name="ValidateBackLink" time="1.337" classname="com.Tour.qa.testdata.PaymentPageTest"/>
</testsuite> <!-- Myntra3 -->
