<?xml version="1.0" encoding="UTF-8"?>
<!-- Generated by org.testng.reporters.JUnitXMLReporter -->
<testsuite hostname="DESKTOP-PSP68KB" ignored="0" name="Chick-fil-A®Backstage Tour Test Cases" tests="15" failures="1" timestamp="23 Apr 2022 18:26:17 GMT" time="875.009" errors="0">
  <testcase name="HomePageTitleTest" time="0.024" classname="com.Tour.qa.testdata.HomePageTest"/>
  <testcase name="loginPageTitleTest" time="0.012" classname="com.Tour.qa.testdata.LoginTest"/>
  <testcase name="valiPageHeading" time="0.041" classname="com.Tour.qa.testdata.EditReservationTest"/>
  <testcase name="ChooseTourPageTitleTest" time="0.019" classname="com.Tour.qa.testdata.ChooseTourTest"/>
  <testcase name="validateeModifyButt" time="0.917" classname="com.Tour.qa.testdata.ReservationOverviewTest"/>
  <testcase name="CheckPageTitle" time="0.015" classname="com.Tour.qa.testdata.ChooseDateTest"/>
  <testcase name="validateTitle" time="0.013" classname="com.Tour.qa.testdata.ModifyCancelTest"/>
  <testcase name="CheckFillDataInRegistrationForm" time="14.085" classname="com.Tour.qa.testdata.RegistrationTest"/>
  <testcase name="checkPurchanseTicketButton" time="3.34" classname="com.Tour.qa.testdata.ReservationOverviewTest2">
    <failure type="java.lang.NullPointerException">
      <![CDATA[java.lang.NullPointerException
at com.Tour.qa.pages.ReservationOverview2page.checkPurchanseTicketButton(ReservationOverview2page.java:46)
at com.Tour.qa.testdata.ReservationOverviewTest2.checkPurchanseTicketButton(ReservationOverviewTest2.java:88)
... Removed 29 stack frames]]>
    </failure>
  </testcase> <!-- checkPurchanseTicketButton -->
  <testcase name="ValidateTourType" time="0.038" classname="com.Tour.qa.testdata.ConfirmationPageTest"/>
  <testcase name="validateTitle" time="0.06" classname="com.Tour.qa.testdata.PlanYourVisitText"/>
  <testcase name="validateTitle" time="0.01" classname="com.Tour.qa.testdata.PaymentPageTest"/>
  <testcase name="validatePageHeading" time="0.063" classname="com.Tour.qa.testdata.FaqPageTest"/>
  <testcase name="loginPageTitleTest" time="0.104" classname="com.Tour.qa.testdata.ForgotPasswordTest"/>
  <testcase name="validateeHomelink" time="1.172" classname="com.Tour.qa.testdata.HeaderFooterTest"/>
</testsuite> <!-- Chick-fil-A®Backstage Tour Test Cases -->
