<?xml version="1.0" encoding="UTF-8"?>
<!-- Generated by org.testng.reporters.JUnitXMLReporter -->
<testsuite hostname="DESKTOP-PSP68KB" ignored="0" name="Chick-fil-A®Backstage Tour Test Cases" tests="15" failures="1" timestamp="23 Apr 2022 17:47:00 GMT" time="999.314" errors="0">
  <testcase name="HomePageTitleTest" time="0.029" classname="com.Tour.qa.testdata.HomePageTest"/>
  <testcase name="loginPageTitleTest" time="0.009" classname="com.Tour.qa.testdata.LoginTest"/>
  <testcase name="valiPageHeading" time="0.036" classname="com.Tour.qa.testdata.EditReservationTest"/>
  <testcase name="ChooseTourPageTitleTest" time="0.029" classname="com.Tour.qa.testdata.ChooseTourTest"/>
  <testcase name="validateeModifyButt" time="3.675" classname="com.Tour.qa.testdata.ReservationOverviewTest"/>
  <testcase name="CheckPageTitle" time="0.013" classname="com.Tour.qa.testdata.ChooseDateTest"/>
  <testcase name="validateTitle" time="0.008" classname="com.Tour.qa.testdata.ModifyCancelTest"/>
  <testcase name="CheckFillDataInRegistrationForm" time="20.837" classname="com.Tour.qa.testdata.RegistrationTest"/>
  <testcase name="checkPurchanseTicketButton" time="10.092" classname="com.Tour.qa.testdata.ReservationOverviewTest2">
    <failure type="java.lang.NullPointerException">
      <![CDATA[java.lang.NullPointerException
at com.Tour.qa.pages.ReservationOverview2page.checkPurchanseTicketButton(ReservationOverview2page.java:46)
at com.Tour.qa.testdata.ReservationOverviewTest2.checkPurchanseTicketButton(ReservationOverviewTest2.java:88)
... Removed 29 stack frames]]>
    </failure>
  </testcase> <!-- checkPurchanseTicketButton -->
  <testcase name="ValidateTourType" time="0.058" classname="com.Tour.qa.testdata.ConfirmationPageTest"/>
  <testcase name="validateTitle" time="0.064" classname="com.Tour.qa.testdata.PlanYourVisitText"/>
  <testcase name="validateTitle" time="0.041" classname="com.Tour.qa.testdata.PaymentPageTest"/>
  <testcase name="validatePageHeading" time="0.042" classname="com.Tour.qa.testdata.FaqPageTest"/>
  <testcase name="loginPageTitleTest" time="0.06" classname="com.Tour.qa.testdata.ForgotPasswordTest"/>
  <testcase name="validateeHomelink" time="0.819" classname="com.Tour.qa.testdata.HeaderFooterTest"/>
</testsuite> <!-- Chick-fil-A®Backstage Tour Test Cases -->
