<?xml version="1.0" encoding="UTF-8"?>
<!-- Generated by org.testng.reporters.JUnitXMLReporter -->
<testsuite ignored="0" hostname="DESKTOP-PSP68KB" failures="1" tests="4" name="Chick-fil-A®Backstage Tour Test Cases" time="69.703" errors="0" timestamp="2022-04-18T03:37:03 PKT">
  <testcase classname="com.Tour.qa.testdata.HomePageTest" name="HomePageTitleTest" time="0.024"/>
  <testcase classname="com.Tour.qa.testdata.HomePageTest" name="CheckBanner" time="0.183"/>
  <testcase classname="com.Tour.qa.testdata.HomePageTest" name="CheckModifyCancel" time="1.411">
    <failure type="java.lang.AssertionError" message="expected [Logo] but found [Logon]">
      <![CDATA[java.lang.AssertionError: expected [Logo] but found [Logon]
at com.Tour.qa.testdata.HomePageTest.CheckModifyCancel(HomePageTest.java:65)
at java.base/java.util.ArrayList.forEach(ArrayList.java:1511)
... Removed 33 stack frames]]>
    </failure>
  </testcase> <!-- CheckModifyCancel -->
  <testcase classname="com.Tour.qa.testdata.HomePageTest" name="CheckOurchaseTicket" time="2.449"/>
</testsuite> <!-- Chick-fil-A®Backstage Tour Test Cases -->
