<?xml version="1.0" encoding="UTF-8"?>
<testng-results skipped="19" failed="21" ignored="0" total="170" passed="130">
  <reporter-output>
  </reporter-output>
  <suite name="Gmail Suite" duration-ms="6720847" started-at="2022-04-23T23:59:57Z" finished-at="2022-04-24T01:51:58Z">
    <groups>
    </groups>
    <test name="flipkart" duration-ms="74977" started-at="2022-04-23T23:59:57Z" finished-at="2022-04-24T00:01:12Z">
      <class name="com.Tour.qa.testdata.HomePageTest">
        <test-method status="PASS" signature="setUp()[pri:0, instance:com.Tour.qa.testdata.HomePageTest@2286778]" name="setUp" is-config="true" duration-ms="21436" started-at="2022-04-23T23:59:57Z" finished-at="2022-04-24T00:00:19Z">
          <reporter-output>
          </reporter-output>
        </test-method> <!-- setUp -->
        <test-method status="PASS" signature="HomePageTitleTest()[pri:1, instance:com.Tour.qa.testdata.HomePageTest@2286778]" name="HomePageTitleTest" duration-ms="69" started-at="2022-04-24T00:00:19Z" description="Validate Home page title display as expected" finished-at="2022-04-24T00:00:19Z">
          <reporter-output>
          </reporter-output>
        </test-method> <!-- HomePageTitleTest -->
        <test-method status="PASS" signature="tearDown()[pri:0, instance:com.Tour.qa.testdata.HomePageTest@2286778]" name="tearDown" is-config="true" duration-ms="1021" started-at="2022-04-24T00:00:19Z" finished-at="2022-04-24T00:00:20Z">
          <reporter-output>
          </reporter-output>
        </test-method> <!-- tearDown -->
        <test-method status="PASS" signature="setUp()[pri:0, instance:com.Tour.qa.testdata.HomePageTest@2286778]" name="setUp" is-config="true" duration-ms="11116" started-at="2022-04-24T00:00:20Z" finished-at="2022-04-24T00:00:31Z">
          <reporter-output>
          </reporter-output>
        </test-method> <!-- setUp -->
        <test-method status="PASS" signature="CheckBanner()[pri:2, instance:com.Tour.qa.testdata.HomePageTest@2286778]" name="CheckBanner" duration-ms="107" started-at="2022-04-24T00:00:31Z" description="Validate Banner displayed as expected" finished-at="2022-04-24T00:00:31Z">
          <reporter-output>
          </reporter-output>
        </test-method> <!-- CheckBanner -->
        <test-method status="PASS" signature="tearDown()[pri:0, instance:com.Tour.qa.testdata.HomePageTest@2286778]" name="tearDown" is-config="true" duration-ms="810" started-at="2022-04-24T00:00:31Z" finished-at="2022-04-24T00:00:32Z">
          <reporter-output>
          </reporter-output>
        </test-method> <!-- tearDown -->
        <test-method status="PASS" signature="setUp()[pri:0, instance:com.Tour.qa.testdata.HomePageTest@2286778]" name="setUp" is-config="true" duration-ms="21016" started-at="2022-04-24T00:00:32Z" finished-at="2022-04-24T00:00:53Z">
          <reporter-output>
          </reporter-output>
        </test-method> <!-- setUp -->
        <test-method status="PASS" signature="CheckModifyCancel()[pri:3, instance:com.Tour.qa.testdata.HomePageTest@2286778]" name="CheckModifyCancel" duration-ms="1439" started-at="2022-04-24T00:00:53Z" description="Validate  Modify cancle option work as expected" finished-at="2022-04-24T00:00:54Z">
          <reporter-output>
          </reporter-output>
        </test-method> <!-- CheckModifyCancel -->
        <test-method status="PASS" signature="tearDown()[pri:0, instance:com.Tour.qa.testdata.HomePageTest@2286778]" name="tearDown" is-config="true" duration-ms="718" started-at="2022-04-24T00:00:54Z" finished-at="2022-04-24T00:00:55Z">
          <reporter-output>
          </reporter-output>
        </test-method> <!-- tearDown -->
        <test-method status="PASS" signature="setUp()[pri:0, instance:com.Tour.qa.testdata.HomePageTest@2286778]" name="setUp" is-config="true" duration-ms="14762" started-at="2022-04-24T00:00:55Z" finished-at="2022-04-24T00:01:10Z">
          <reporter-output>
          </reporter-output>
        </test-method> <!-- setUp -->
        <test-method status="PASS" signature="CheckOurchaseTicket()[pri:4, instance:com.Tour.qa.testdata.HomePageTest@2286778]" name="CheckOurchaseTicket" duration-ms="1606" started-at="2022-04-24T00:01:10Z" description="Validate purchase ticket option work fine" finished-at="2022-04-24T00:01:11Z">
          <reporter-output>
          </reporter-output>
        </test-method> <!-- CheckOurchaseTicket -->
        <test-method status="PASS" signature="tearDown()[pri:0, instance:com.Tour.qa.testdata.HomePageTest@2286778]" name="tearDown" is-config="true" duration-ms="825" started-at="2022-04-24T00:01:11Z" finished-at="2022-04-24T00:01:12Z">
          <reporter-output>
          </reporter-output>
        </test-method> <!-- tearDown -->
      </class> <!-- com.Tour.qa.testdata.HomePageTest -->
    </test> <!-- flipkart -->
    <test name="Myntra" duration-ms="117645" started-at="2022-04-24T00:01:12Z" finished-at="2022-04-24T00:03:10Z">
      <class name="com.Tour.qa.testdata.LoginTest">
        <test-method status="PASS" signature="setUp()[pri:0, instance:com.Tour.qa.testdata.LoginTest@7b49cea0]" name="setUp" is-config="true" duration-ms="15468" started-at="2022-04-24T00:01:12Z" finished-at="2022-04-24T00:01:28Z">
          <reporter-output>
          </reporter-output>
        </test-method> <!-- setUp -->
        <test-method status="PASS" signature="loginPageTitleTest()[pri:1, instance:com.Tour.qa.testdata.LoginTest@7b49cea0]" name="loginPageTitleTest" duration-ms="7" started-at="2022-04-24T00:01:28Z" description="Validate Login page title display as expected" finished-at="2022-04-24T00:01:28Z">
          <reporter-output>
          </reporter-output>
        </test-method> <!-- loginPageTitleTest -->
        <test-method status="PASS" signature="tearDown()[pri:0, instance:com.Tour.qa.testdata.LoginTest@7b49cea0]" name="tearDown" is-config="true" duration-ms="1992" started-at="2022-04-24T00:01:28Z" finished-at="2022-04-24T00:01:30Z">
          <reporter-output>
          </reporter-output>
        </test-method> <!-- tearDown -->
        <test-method status="PASS" signature="setUp()[pri:0, instance:com.Tour.qa.testdata.LoginTest@7b49cea0]" name="setUp" is-config="true" duration-ms="14926" started-at="2022-04-24T00:01:30Z" finished-at="2022-04-24T00:01:45Z">
          <reporter-output>
          </reporter-output>
        </test-method> <!-- setUp -->
        <test-method status="PASS" signature="CheckLogo()[pri:2, instance:com.Tour.qa.testdata.LoginTest@7b49cea0]" name="CheckLogo" duration-ms="61" started-at="2022-04-24T00:01:45Z" description="Validate  logo should display as expected" finished-at="2022-04-24T00:01:45Z">
          <reporter-output>
          </reporter-output>
        </test-method> <!-- CheckLogo -->
        <test-method status="PASS" signature="tearDown()[pri:0, instance:com.Tour.qa.testdata.LoginTest@7b49cea0]" name="tearDown" is-config="true" duration-ms="780" started-at="2022-04-24T00:01:45Z" finished-at="2022-04-24T00:01:46Z">
          <reporter-output>
          </reporter-output>
        </test-method> <!-- tearDown -->
        <test-method status="PASS" signature="setUp()[pri:0, instance:com.Tour.qa.testdata.LoginTest@7b49cea0]" name="setUp" is-config="true" duration-ms="22406" started-at="2022-04-24T00:01:46Z" finished-at="2022-04-24T00:02:08Z">
          <reporter-output>
          </reporter-output>
        </test-method> <!-- setUp -->
        <test-method status="PASS" signature="loginTest()[pri:3, instance:com.Tour.qa.testdata.LoginTest@7b49cea0]" name="loginTest" duration-ms="4207" started-at="2022-04-24T00:02:08Z" description="Validate login button work fine and Modify/cancle page should be displayed after login" finished-at="2022-04-24T00:02:12Z">
          <reporter-output>
          </reporter-output>
        </test-method> <!-- loginTest -->
        <test-method status="PASS" signature="tearDown()[pri:0, instance:com.Tour.qa.testdata.LoginTest@7b49cea0]" name="tearDown" is-config="true" duration-ms="774" started-at="2022-04-24T00:02:12Z" finished-at="2022-04-24T00:02:13Z">
          <reporter-output>
          </reporter-output>
        </test-method> <!-- tearDown -->
        <test-method status="PASS" signature="setUp()[pri:0, instance:com.Tour.qa.testdata.LoginTest@7b49cea0]" name="setUp" is-config="true" duration-ms="21881" started-at="2022-04-24T00:02:13Z" finished-at="2022-04-24T00:02:35Z">
          <reporter-output>
          </reporter-output>
        </test-method> <!-- setUp -->
        <test-method status="PASS" signature="loginTestInvalidEmail(java.lang.reflect.Method)[pri:4, instance:com.Tour.qa.testdata.LoginTest@7b49cea0]" name="loginTestInvalidEmail" duration-ms="2957" started-at="2022-04-24T00:02:35Z" description="Validate error should be displayed on providing invalid email" finished-at="2022-04-24T00:02:38Z">
          <params>
            <param index="0">
              <value>
                <![CDATA[public void com.Tour.qa.testdata.LoginTest.loginTestInvalidEmail(java.lang.reflect.Method)]]>
              </value>
            </param>
          </params>
          <reporter-output>
          </reporter-output>
        </test-method> <!-- loginTestInvalidEmail -->
        <test-method status="PASS" signature="tearDown()[pri:0, instance:com.Tour.qa.testdata.LoginTest@7b49cea0]" name="tearDown" is-config="true" duration-ms="767" started-at="2022-04-24T00:02:38Z" finished-at="2022-04-24T00:02:39Z">
          <reporter-output>
          </reporter-output>
        </test-method> <!-- tearDown -->
        <test-method status="PASS" signature="setUp()[pri:0, instance:com.Tour.qa.testdata.LoginTest@7b49cea0]" name="setUp" is-config="true" duration-ms="17802" started-at="2022-04-24T00:02:39Z" finished-at="2022-04-24T00:02:56Z">
          <reporter-output>
          </reporter-output>
        </test-method> <!-- setUp -->
        <test-method status="FAIL" signature="loginPageOnEmptyEmailField()[pri:5, instance:com.Tour.qa.testdata.LoginTest@7b49cea0]" name="loginPageOnEmptyEmailField" duration-ms="11410" started-at="2022-04-24T00:02:56Z" description="Validate error should be displayed on providing no email" finished-at="2022-04-24T00:03:08Z">
          <exception class="org.openqa.selenium.NoSuchElementException">
            <message>
              <![CDATA[no such element: Unable to locate element: {"method":"xpath","selector":"//span[contains(text(),'Email/Password is incorrect.')]"}
  (Session info: chrome=100.0.4896.127)
For documentation on this error, please visit: https://selenium.dev/exceptions/#no_such_element
Build info: version: '4.1.2', revision: '9a5a329c5a'
System info: host: 'DESKTOP-PSP68KB', ip: '192.168.223.1', os.name: 'Windows 10', os.arch: 'amd64', os.version: '10.0', java.version: '1.8.0_301'
Driver info: org.openqa.selenium.chrome.ChromeDriver
Command: [b3e8d5ff3f28352382469eab22a10498, findElement {using=xpath, value=//span[contains(text(),'Email/Password is incorrect.')]}]
Capabilities {acceptInsecureCerts: false, browserName: chrome, browserVersion: 100.0.4896.127, chrome: {chromedriverVersion: 100.0.4896.60 (6a5d10861ce8..., userDataDir: C:\Users\Home\AppData\Local...}, goog:chromeOptions: {debuggerAddress: localhost:60298}, javascriptEnabled: true, networkConnectionEnabled: false, pageLoadStrategy: normal, platform: WINDOWS, platformName: WINDOWS, proxy: Proxy(), se:cdp: ws://localhost:60298/devtoo..., se:cdpVersion: 100.0.4896.127, setWindowRect: true, strictFileInteractability: false, timeouts: {implicit: 0, pageLoad: 300000, script: 30000}, unhandledPromptBehavior: dismiss and notify, webauthn:extension:credBlob: true, webauthn:extension:largeBlob: true, webauthn:virtualAuthenticators: true}
Session ID: b3e8d5ff3f28352382469eab22a10498]]>
            </message>
            <full-stacktrace>
              <![CDATA[org.openqa.selenium.NoSuchElementException: no such element: Unable to locate element: {"method":"xpath","selector":"//span[contains(text(),'Email/Password is incorrect.')]"}
  (Session info: chrome=100.0.4896.127)
For documentation on this error, please visit: https://selenium.dev/exceptions/#no_such_element
Build info: version: '4.1.2', revision: '9a5a329c5a'
System info: host: 'DESKTOP-PSP68KB', ip: '192.168.223.1', os.name: 'Windows 10', os.arch: 'amd64', os.version: '10.0', java.version: '1.8.0_301'
Driver info: org.openqa.selenium.chrome.ChromeDriver
Command: [b3e8d5ff3f28352382469eab22a10498, findElement {using=xpath, value=//span[contains(text(),'Email/Password is incorrect.')]}]
Capabilities {acceptInsecureCerts: false, browserName: chrome, browserVersion: 100.0.4896.127, chrome: {chromedriverVersion: 100.0.4896.60 (6a5d10861ce8..., userDataDir: C:\Users\Home\AppData\Local...}, goog:chromeOptions: {debuggerAddress: localhost:60298}, javascriptEnabled: true, networkConnectionEnabled: false, pageLoadStrategy: normal, platform: WINDOWS, platformName: WINDOWS, proxy: Proxy(), se:cdp: ws://localhost:60298/devtoo..., se:cdpVersion: 100.0.4896.127, setWindowRect: true, strictFileInteractability: false, timeouts: {implicit: 0, pageLoad: 300000, script: 30000}, unhandledPromptBehavior: dismiss and notify, webauthn:extension:credBlob: true, webauthn:extension:largeBlob: true, webauthn:virtualAuthenticators: true}
Session ID: b3e8d5ff3f28352382469eab22a10498
at sun.reflect.NativeConstructorAccessorImpl.newInstance0(Native Method)
at sun.reflect.NativeConstructorAccessorImpl.newInstance(NativeConstructorAccessorImpl.java:62)
at sun.reflect.DelegatingConstructorAccessorImpl.newInstance(DelegatingConstructorAccessorImpl.java:45)
at java.lang.reflect.Constructor.newInstance(Constructor.java:423)
at org.openqa.selenium.remote.codec.w3c.W3CHttpResponseCodec.createException(W3CHttpResponseCodec.java:200)
at org.openqa.selenium.remote.codec.w3c.W3CHttpResponseCodec.decode(W3CHttpResponseCodec.java:133)
at org.openqa.selenium.remote.codec.w3c.W3CHttpResponseCodec.decode(W3CHttpResponseCodec.java:53)
at org.openqa.selenium.remote.HttpCommandExecutor.execute(HttpCommandExecutor.java:184)
at org.openqa.selenium.remote.service.DriverCommandExecutor.invokeExecute(DriverCommandExecutor.java:167)
at org.openqa.selenium.remote.service.DriverCommandExecutor.execute(DriverCommandExecutor.java:142)
at org.openqa.selenium.remote.RemoteWebDriver.execute(RemoteWebDriver.java:558)
at org.openqa.selenium.remote.ElementLocation$ElementFinder$2.findElement(ElementLocation.java:162)
at org.openqa.selenium.remote.ElementLocation.findElement(ElementLocation.java:60)
at org.openqa.selenium.remote.RemoteWebDriver.findElement(RemoteWebDriver.java:382)
at org.openqa.selenium.remote.RemoteWebDriver.findElement(RemoteWebDriver.java:374)
at org.openqa.selenium.support.pagefactory.DefaultElementLocator.findElement(DefaultElementLocator.java:70)
at org.openqa.selenium.support.pagefactory.internal.LocatingElementHandler.invoke(LocatingElementHandler.java:39)
at com.sun.proxy.$Proxy13.isDisplayed(Unknown Source)
at com.Tour.qa.pages.LoginPage.loginEmpty(LoginPage.java:99)
at com.Tour.qa.testdata.LoginTest.loginPageOnEmptyEmailField(LoginTest.java:77)
at sun.reflect.NativeMethodAccessorImpl.invoke0(Native Method)
at sun.reflect.NativeMethodAccessorImpl.invoke(NativeMethodAccessorImpl.java:62)
at sun.reflect.DelegatingMethodAccessorImpl.invoke(DelegatingMethodAccessorImpl.java:43)
at java.lang.reflect.Method.invoke(Method.java:498)
at org.testng.internal.MethodInvocationHelper.invokeMethod(MethodInvocationHelper.java:124)
at org.testng.internal.Invoker.invokeMethod(Invoker.java:583)
at org.testng.internal.Invoker.invokeTestMethod(Invoker.java:719)
at org.testng.internal.Invoker.invokeTestMethods(Invoker.java:989)
at org.testng.internal.TestMethodWorker.invokeTestMethods(TestMethodWorker.java:125)
at org.testng.internal.TestMethodWorker.run(TestMethodWorker.java:109)
at org.testng.TestRunner.privateRun(TestRunner.java:648)
at org.testng.TestRunner.run(TestRunner.java:505)
at org.testng.SuiteRunner.runTest(SuiteRunner.java:455)
at org.testng.SuiteRunner.runSequentially(SuiteRunner.java:450)
at org.testng.SuiteRunner.privateRun(SuiteRunner.java:415)
at org.testng.SuiteRunner.run(SuiteRunner.java:364)
at org.testng.SuiteRunnerWorker.runSuite(SuiteRunnerWorker.java:52)
at org.testng.SuiteRunnerWorker.run(SuiteRunnerWorker.java:84)
at org.testng.TestNG.runSuitesSequentially(TestNG.java:1208)
at org.testng.TestNG.runSuitesLocally(TestNG.java:1137)
at org.testng.TestNG.runSuites(TestNG.java:1049)
at org.testng.TestNG.run(TestNG.java:1017)
at org.apache.maven.surefire.testng.TestNGExecutor.run(TestNGExecutor.java:324)
at org.apache.maven.surefire.testng.TestNGXmlTestSuite.execute(TestNGXmlTestSuite.java:74)
at org.apache.maven.surefire.testng.TestNGProvider.invoke(TestNGProvider.java:123)
at org.apache.maven.surefire.booter.ForkedBooter.runSuitesInProcess(ForkedBooter.java:456)
at org.apache.maven.surefire.booter.ForkedBooter.execute(ForkedBooter.java:169)
at org.apache.maven.surefire.booter.ForkedBooter.run(ForkedBooter.java:595)
at org.apache.maven.surefire.booter.ForkedBooter.main(ForkedBooter.java:581)
]]>
            </full-stacktrace>
          </exception> <!-- org.openqa.selenium.NoSuchElementException -->
          <reporter-output>
          </reporter-output>
        </test-method> <!-- loginPageOnEmptyEmailField -->
        <test-method status="PASS" signature="tearDown()[pri:0, instance:com.Tour.qa.testdata.LoginTest@7b49cea0]" name="tearDown" is-config="true" duration-ms="1635" started-at="2022-04-24T00:03:08Z" finished-at="2022-04-24T00:03:10Z">
          <reporter-output>
          </reporter-output>
        </test-method> <!-- tearDown -->
      </class> <!-- com.Tour.qa.testdata.LoginTest -->
    </test> <!-- Myntra -->
    <test name="flipkart1" duration-ms="250791" started-at="2022-04-24T00:03:10Z" finished-at="2022-04-24T00:07:21Z">
      <class name="com.Tour.qa.testdata.ChooseTourTest">
        <test-method status="PASS" signature="setUp()[pri:0, instance:com.Tour.qa.testdata.ChooseTourTest@23e028a9]" name="setUp" is-config="true" duration-ms="21890" started-at="2022-04-24T00:03:10Z" finished-at="2022-04-24T00:03:32Z">
          <reporter-output>
          </reporter-output>
        </test-method> <!-- setUp -->
        <test-method status="PASS" signature="ChooseTourPageTitleTest()[pri:1, instance:com.Tour.qa.testdata.ChooseTourTest@23e028a9]" name="ChooseTourPageTitleTest" duration-ms="34" started-at="2022-04-24T00:03:32Z" description="Verify Page title is displaying correct" finished-at="2022-04-24T00:03:32Z">
          <reporter-output>
          </reporter-output>
        </test-method> <!-- ChooseTourPageTitleTest -->
        <test-method status="PASS" signature="tearDown()[pri:0, instance:com.Tour.qa.testdata.ChooseTourTest@23e028a9]" name="tearDown" is-config="true" duration-ms="845" started-at="2022-04-24T00:03:32Z" finished-at="2022-04-24T00:03:33Z">
          <reporter-output>
          </reporter-output>
        </test-method> <!-- tearDown -->
        <test-method status="PASS" signature="setUp()[pri:0, instance:com.Tour.qa.testdata.ChooseTourTest@23e028a9]" name="setUp" is-config="true" duration-ms="17128" started-at="2022-04-24T00:03:33Z" finished-at="2022-04-24T00:03:50Z">
          <reporter-output>
          </reporter-output>
        </test-method> <!-- setUp -->
        <test-method status="PASS" signature="validateBanne()[pri:2, instance:com.Tour.qa.testdata.ChooseTourTest@23e028a9]" name="validateBanne" duration-ms="87" started-at="2022-04-24T00:03:50Z" description="Verify Page Banner is displaying correct" finished-at="2022-04-24T00:03:50Z">
          <reporter-output>
          </reporter-output>
        </test-method> <!-- validateBanne -->
        <test-method status="PASS" signature="tearDown()[pri:0, instance:com.Tour.qa.testdata.ChooseTourTest@23e028a9]" name="tearDown" is-config="true" duration-ms="824" started-at="2022-04-24T00:03:50Z" finished-at="2022-04-24T00:03:51Z">
          <reporter-output>
          </reporter-output>
        </test-method> <!-- tearDown -->
        <test-method status="PASS" signature="setUp()[pri:0, instance:com.Tour.qa.testdata.ChooseTourTest@23e028a9]" name="setUp" is-config="true" duration-ms="19281" started-at="2022-04-24T00:03:51Z" finished-at="2022-04-24T00:04:10Z">
          <reporter-output>
          </reporter-output>
        </test-method> <!-- setUp -->
        <test-method status="PASS" signature="validateText1()[pri:3, instance:com.Tour.qa.testdata.ChooseTourTest@23e028a9]" name="validateText1" duration-ms="49" started-at="2022-04-24T00:04:10Z" description="Verify text is displaying correct" finished-at="2022-04-24T00:04:10Z">
          <reporter-output>
          </reporter-output>
        </test-method> <!-- validateText1 -->
        <test-method status="PASS" signature="tearDown()[pri:0, instance:com.Tour.qa.testdata.ChooseTourTest@23e028a9]" name="tearDown" is-config="true" duration-ms="740" started-at="2022-04-24T00:04:10Z" finished-at="2022-04-24T00:04:11Z">
          <reporter-output>
          </reporter-output>
        </test-method> <!-- tearDown -->
        <test-method status="PASS" signature="setUp()[pri:0, instance:com.Tour.qa.testdata.ChooseTourTest@23e028a9]" name="setUp" is-config="true" duration-ms="25685" started-at="2022-04-24T00:04:11Z" finished-at="2022-04-24T00:04:37Z">
          <reporter-output>
          </reporter-output>
        </test-method> <!-- setUp -->
        <test-method status="PASS" signature="InputGroupSizeOfTHEORIGINAL()[pri:4, instance:com.Tour.qa.testdata.ChooseTourTest@23e028a9]" name="InputGroupSizeOfTHEORIGINAL" duration-ms="3290" started-at="2022-04-24T00:04:37Z" description="Validate  User should navigate successfully on choose date page by clicking button in Group type The original" finished-at="2022-04-24T00:04:40Z">
          <reporter-output>
          </reporter-output>
        </test-method> <!-- InputGroupSizeOfTHEORIGINAL -->
        <test-method status="PASS" signature="tearDown()[pri:0, instance:com.Tour.qa.testdata.ChooseTourTest@23e028a9]" name="tearDown" is-config="true" duration-ms="818" started-at="2022-04-24T00:04:40Z" finished-at="2022-04-24T00:04:41Z">
          <reporter-output>
          </reporter-output>
        </test-method> <!-- tearDown -->
        <test-method status="PASS" signature="setUp()[pri:0, instance:com.Tour.qa.testdata.ChooseTourTest@23e028a9]" name="setUp" is-config="true" duration-ms="22077" started-at="2022-04-24T00:04:41Z" finished-at="2022-04-24T00:05:03Z">
          <reporter-output>
          </reporter-output>
        </test-method> <!-- setUp -->
        <test-method status="PASS" signature="InputGroupSizeOfTHEDELUXE()[pri:5, instance:com.Tour.qa.testdata.ChooseTourTest@23e028a9]" name="InputGroupSizeOfTHEDELUXE" duration-ms="2151" started-at="2022-04-24T00:05:03Z" description="Validate  User should navigate successfully on choose date page by clicking button for Group size The Deluxe" finished-at="2022-04-24T00:05:05Z">
          <reporter-output>
          </reporter-output>
        </test-method> <!-- InputGroupSizeOfTHEDELUXE -->
        <test-method status="PASS" signature="tearDown()[pri:0, instance:com.Tour.qa.testdata.ChooseTourTest@23e028a9]" name="tearDown" is-config="true" duration-ms="842" started-at="2022-04-24T00:05:05Z" finished-at="2022-04-24T00:05:06Z">
          <reporter-output>
          </reporter-output>
        </test-method> <!-- tearDown -->
        <test-method status="PASS" signature="setUp()[pri:0, instance:com.Tour.qa.testdata.ChooseTourTest@23e028a9]" name="setUp" is-config="true" duration-ms="17141" started-at="2022-04-24T00:05:06Z" finished-at="2022-04-24T00:05:23Z">
          <reporter-output>
          </reporter-output>
        </test-method> <!-- setUp -->
        <test-method status="PASS" signature="TestInvalidInout1()[pri:6, instance:com.Tour.qa.testdata.ChooseTourTest@23e028a9]" name="TestInvalidInout1" duration-ms="5358" started-at="2022-04-24T00:05:23Z" description="Validate error should display for providing invalid input in Group Type 1" finished-at="2022-04-24T00:05:28Z">
          <reporter-output>
          </reporter-output>
        </test-method> <!-- TestInvalidInout1 -->
        <test-method status="PASS" signature="tearDown()[pri:0, instance:com.Tour.qa.testdata.ChooseTourTest@23e028a9]" name="tearDown" is-config="true" duration-ms="1258" started-at="2022-04-24T00:05:28Z" finished-at="2022-04-24T00:05:29Z">
          <reporter-output>
          </reporter-output>
        </test-method> <!-- tearDown -->
        <test-method status="PASS" signature="setUp()[pri:0, instance:com.Tour.qa.testdata.ChooseTourTest@23e028a9]" name="setUp" is-config="true" duration-ms="21671" started-at="2022-04-24T00:05:29Z" finished-at="2022-04-24T00:05:51Z">
          <reporter-output>
          </reporter-output>
        </test-method> <!-- setUp -->
        <test-method status="PASS" signature="TestInvalidInout2()[pri:7, instance:com.Tour.qa.testdata.ChooseTourTest@23e028a9]" name="TestInvalidInout2" duration-ms="5418" started-at="2022-04-24T00:05:51Z" description="Validate error should display for providing invalid input in Group Type 2" finished-at="2022-04-24T00:05:57Z">
          <reporter-output>
          </reporter-output>
        </test-method> <!-- TestInvalidInout2 -->
        <test-method status="PASS" signature="tearDown()[pri:0, instance:com.Tour.qa.testdata.ChooseTourTest@23e028a9]" name="tearDown" is-config="true" duration-ms="837" started-at="2022-04-24T00:05:57Z" finished-at="2022-04-24T00:05:57Z">
          <reporter-output>
          </reporter-output>
        </test-method> <!-- tearDown -->
        <test-method status="PASS" signature="setUp()[pri:0, instance:com.Tour.qa.testdata.ChooseTourTest@23e028a9]" name="setUp" is-config="true" duration-ms="22825" started-at="2022-04-24T00:05:57Z" finished-at="2022-04-24T00:06:20Z">
          <reporter-output>
          </reporter-output>
        </test-method> <!-- setUp -->
        <test-method status="PASS" signature="Slider()[pri:8, instance:com.Tour.qa.testdata.ChooseTourTest@23e028a9]" name="Slider" duration-ms="94" started-at="2022-04-24T00:06:20Z" description="Validate Slider is displaying on page" finished-at="2022-04-24T00:06:20Z">
          <reporter-output>
          </reporter-output>
        </test-method> <!-- Slider -->
        <test-method status="PASS" signature="tearDown()[pri:0, instance:com.Tour.qa.testdata.ChooseTourTest@23e028a9]" name="tearDown" is-config="true" duration-ms="902" started-at="2022-04-24T00:06:20Z" finished-at="2022-04-24T00:06:21Z">
          <reporter-output>
          </reporter-output>
        </test-method> <!-- tearDown -->
        <test-method status="PASS" signature="setUp()[pri:0, instance:com.Tour.qa.testdata.ChooseTourTest@23e028a9]" name="setUp" is-config="true" duration-ms="16985" started-at="2022-04-24T00:06:21Z" finished-at="2022-04-24T00:06:38Z">
          <reporter-output>
          </reporter-output>
        </test-method> <!-- setUp -->
        <test-method status="PASS" signature="PageHeading()[pri:9, instance:com.Tour.qa.testdata.ChooseTourTest@23e028a9]" name="PageHeading" duration-ms="106" started-at="2022-04-24T00:06:38Z" description="Validate Page Heading is displayin on page" finished-at="2022-04-24T00:06:38Z">
          <reporter-output>
          </reporter-output>
        </test-method> <!-- PageHeading -->
        <test-method status="PASS" signature="tearDown()[pri:0, instance:com.Tour.qa.testdata.ChooseTourTest@23e028a9]" name="tearDown" is-config="true" duration-ms="735" started-at="2022-04-24T00:06:38Z" finished-at="2022-04-24T00:06:39Z">
          <reporter-output>
          </reporter-output>
        </test-method> <!-- tearDown -->
        <test-method status="PASS" signature="setUp()[pri:0, instance:com.Tour.qa.testdata.ChooseTourTest@23e028a9]" name="setUp" is-config="true" duration-ms="22793" started-at="2022-04-24T00:06:39Z" finished-at="2022-04-24T00:07:02Z">
          <reporter-output>
          </reporter-output>
        </test-method> <!-- setUp -->
        <test-method status="PASS" signature="TestSliderPreBut()[pri:10, instance:com.Tour.qa.testdata.ChooseTourTest@23e028a9]" name="TestSliderPreBut" duration-ms="45" started-at="2022-04-24T00:07:02Z" description="Validate slider button works fine" finished-at="2022-04-24T00:07:02Z">
          <reporter-output>
          </reporter-output>
        </test-method> <!-- TestSliderPreBut -->
        <test-method status="PASS" signature="tearDown()[pri:0, instance:com.Tour.qa.testdata.ChooseTourTest@23e028a9]" name="tearDown" is-config="true" duration-ms="740" started-at="2022-04-24T00:07:02Z" finished-at="2022-04-24T00:07:03Z">
          <reporter-output>
          </reporter-output>
        </test-method> <!-- tearDown -->
        <test-method status="PASS" signature="setUp()[pri:0, instance:com.Tour.qa.testdata.ChooseTourTest@23e028a9]" name="setUp" is-config="true" duration-ms="17155" started-at="2022-04-24T00:07:03Z" finished-at="2022-04-24T00:07:20Z">
          <reporter-output>
          </reporter-output>
        </test-method> <!-- setUp -->
        <test-method status="PASS" signature="TestSliderNextBut()[pri:11, instance:com.Tour.qa.testdata.ChooseTourTest@23e028a9]" name="TestSliderNextBut" duration-ms="103" started-at="2022-04-24T00:07:20Z" description="Validate slider button works fine for next slide" finished-at="2022-04-24T00:07:20Z">
          <reporter-output>
          </reporter-output>
        </test-method> <!-- TestSliderNextBut -->
        <test-method status="PASS" signature="tearDown()[pri:0, instance:com.Tour.qa.testdata.ChooseTourTest@23e028a9]" name="tearDown" is-config="true" duration-ms="864" started-at="2022-04-24T00:07:20Z" finished-at="2022-04-24T00:07:21Z">
          <reporter-output>
          </reporter-output>
        </test-method> <!-- tearDown -->
      </class> <!-- com.Tour.qa.testdata.ChooseTourTest -->
    </test> <!-- flipkart1 -->
    <test name="Myntra1" duration-ms="246768" started-at="2022-04-24T00:07:21Z" finished-at="2022-04-24T00:11:28Z">
      <class name="com.Tour.qa.testdata.ChooseDateTest">
        <test-method status="PASS" signature="setUp()[pri:0, instance:com.Tour.qa.testdata.ChooseDateTest@627551fb]" name="setUp" is-config="true" duration-ms="27982" started-at="2022-04-24T00:07:21Z" finished-at="2022-04-24T00:07:49Z">
          <reporter-output>
          </reporter-output>
        </test-method> <!-- setUp -->
        <test-method status="PASS" signature="CheckPageTitle()[pri:1, instance:com.Tour.qa.testdata.ChooseDateTest@627551fb]" name="CheckPageTitle" duration-ms="19" started-at="2022-04-24T00:07:49Z" description="Verify Page title is displaying correct" finished-at="2022-04-24T00:07:49Z">
          <reporter-output>
          </reporter-output>
        </test-method> <!-- CheckPageTitle -->
        <test-method status="PASS" signature="tearDown()[pri:0, instance:com.Tour.qa.testdata.ChooseDateTest@627551fb]" name="tearDown" is-config="true" duration-ms="766" started-at="2022-04-24T00:07:49Z" finished-at="2022-04-24T00:07:50Z">
          <reporter-output>
          </reporter-output>
        </test-method> <!-- tearDown -->
        <test-method status="PASS" signature="setUp()[pri:0, instance:com.Tour.qa.testdata.ChooseDateTest@627551fb]" name="setUp" is-config="true" duration-ms="24056" started-at="2022-04-24T00:07:50Z" finished-at="2022-04-24T00:08:14Z">
          <reporter-output>
          </reporter-output>
        </test-method> <!-- setUp -->
        <test-method status="PASS" signature="validateBanne()[pri:2, instance:com.Tour.qa.testdata.ChooseDateTest@627551fb]" name="validateBanne" duration-ms="45" started-at="2022-04-24T00:08:14Z" description="Verify Page Banner is display or not" finished-at="2022-04-24T00:08:14Z">
          <reporter-output>
          </reporter-output>
        </test-method> <!-- validateBanne -->
        <test-method status="PASS" signature="tearDown()[pri:0, instance:com.Tour.qa.testdata.ChooseDateTest@627551fb]" name="tearDown" is-config="true" duration-ms="796" started-at="2022-04-24T00:08:14Z" finished-at="2022-04-24T00:08:14Z">
          <reporter-output>
          </reporter-output>
        </test-method> <!-- tearDown -->
        <test-method status="PASS" signature="setUp()[pri:0, instance:com.Tour.qa.testdata.ChooseDateTest@627551fb]" name="setUp" is-config="true" duration-ms="19052" started-at="2022-04-24T00:08:14Z" finished-at="2022-04-24T00:08:33Z">
          <reporter-output>
          </reporter-output>
        </test-method> <!-- setUp -->
        <test-method status="PASS" signature="validateHeading()[pri:3, instance:com.Tour.qa.testdata.ChooseDateTest@627551fb]" name="validateHeading" duration-ms="92" started-at="2022-04-24T00:08:33Z" description=" Verify Page Heading is displaying correct" finished-at="2022-04-24T00:08:34Z">
          <reporter-output>
          </reporter-output>
        </test-method> <!-- validateHeading -->
        <test-method status="PASS" signature="tearDown()[pri:0, instance:com.Tour.qa.testdata.ChooseDateTest@627551fb]" name="tearDown" is-config="true" duration-ms="782" started-at="2022-04-24T00:08:34Z" finished-at="2022-04-24T00:08:34Z">
          <reporter-output>
          </reporter-output>
        </test-method> <!-- tearDown -->
        <test-method status="PASS" signature="setUp()[pri:0, instance:com.Tour.qa.testdata.ChooseDateTest@627551fb]" name="setUp" is-config="true" duration-ms="21783" started-at="2022-04-24T00:08:34Z" finished-at="2022-04-24T00:08:56Z">
          <reporter-output>
          </reporter-output>
        </test-method> <!-- setUp -->
        <test-method status="PASS" signature="validateChoosFromMenu()[pri:4, instance:com.Tour.qa.testdata.ChooseDateTest@627551fb]" name="validateChoosFromMenu" duration-ms="4661" started-at="2022-04-24T00:08:56Z" description="Validate that user successfully navigate on next page" finished-at="2022-04-24T00:09:01Z">
          <reporter-output>
          </reporter-output>
        </test-method> <!-- validateChoosFromMenu -->
        <test-method status="PASS" signature="tearDown()[pri:0, instance:com.Tour.qa.testdata.ChooseDateTest@627551fb]" name="tearDown" is-config="true" duration-ms="824" started-at="2022-04-24T00:09:01Z" finished-at="2022-04-24T00:09:02Z">
          <reporter-output>
          </reporter-output>
        </test-method> <!-- tearDown -->
        <test-method status="PASS" signature="setUp()[pri:0, instance:com.Tour.qa.testdata.ChooseDateTest@627551fb]" name="setUp" is-config="true" duration-ms="23304" started-at="2022-04-24T00:09:02Z" finished-at="2022-04-24T00:09:25Z">
          <reporter-output>
          </reporter-output>
        </test-method> <!-- setUp -->
        <test-method status="PASS" signature="validateTheOriginal()[pri:5, instance:com.Tour.qa.testdata.ChooseDateTest@627551fb]" name="validateTheOriginal" duration-ms="72" started-at="2022-04-24T00:09:25Z" description="validate the group type is displaying correct" finished-at="2022-04-24T00:09:25Z">
          <reporter-output>
          </reporter-output>
        </test-method> <!-- validateTheOriginal -->
        <test-method status="PASS" signature="tearDown()[pri:0, instance:com.Tour.qa.testdata.ChooseDateTest@627551fb]" name="tearDown" is-config="true" duration-ms="737" started-at="2022-04-24T00:09:25Z" finished-at="2022-04-24T00:09:26Z">
          <reporter-output>
          </reporter-output>
        </test-method> <!-- tearDown -->
        <test-method status="PASS" signature="setUp()[pri:0, instance:com.Tour.qa.testdata.ChooseDateTest@627551fb]" name="setUp" is-config="true" duration-ms="20032" started-at="2022-04-24T00:09:26Z" finished-at="2022-04-24T00:09:46Z">
          <reporter-output>
          </reporter-output>
        </test-method> <!-- setUp -->
        <test-method status="PASS" signature="validateGroupSize()[pri:6, instance:com.Tour.qa.testdata.ChooseDateTest@627551fb]" name="validateGroupSize" duration-ms="73" started-at="2022-04-24T00:09:46Z" description="validate that Group Size is displaying correct" finished-at="2022-04-24T00:09:46Z">
          <reporter-output>
          </reporter-output>
        </test-method> <!-- validateGroupSize -->
        <test-method status="PASS" signature="tearDown()[pri:0, instance:com.Tour.qa.testdata.ChooseDateTest@627551fb]" name="tearDown" is-config="true" duration-ms="783" started-at="2022-04-24T00:09:46Z" finished-at="2022-04-24T00:09:47Z">
          <reporter-output>
          </reporter-output>
        </test-method> <!-- tearDown -->
        <test-method status="PASS" signature="setUp()[pri:0, instance:com.Tour.qa.testdata.ChooseDateTest@627551fb]" name="setUp" is-config="true" duration-ms="24938" started-at="2022-04-24T00:09:47Z" finished-at="2022-04-24T00:10:12Z">
          <reporter-output>
          </reporter-output>
        </test-method> <!-- setUp -->
        <test-method status="PASS" signature="SelectValidSlotTest()[pri:7, instance:com.Tour.qa.testdata.ChooseDateTest@627551fb]" name="SelectValidSlotTest" duration-ms="18177" started-at="2022-04-24T00:10:12Z" description="Validate that user can navigate successfully by selecting valid date of available slot" finished-at="2022-04-24T00:10:30Z">
          <reporter-output>
          </reporter-output>
        </test-method> <!-- SelectValidSlotTest -->
        <test-method status="PASS" signature="tearDown()[pri:0, instance:com.Tour.qa.testdata.ChooseDateTest@627551fb]" name="tearDown" is-config="true" duration-ms="1531" started-at="2022-04-24T00:10:30Z" finished-at="2022-04-24T00:10:31Z">
          <reporter-output>
          </reporter-output>
        </test-method> <!-- tearDown -->
        <test-method status="PASS" signature="setUp()[pri:0, instance:com.Tour.qa.testdata.ChooseDateTest@627551fb]" name="setUp" is-config="true" duration-ms="26982" started-at="2022-04-24T00:10:31Z" finished-at="2022-04-24T00:10:58Z">
          <reporter-output>
          </reporter-output>
        </test-method> <!-- setUp -->
        <test-method status="PASS" signature="SelectInValidSlot()[pri:8, instance:com.Tour.qa.testdata.ChooseDateTest@627551fb]" name="SelectInValidSlot" duration-ms="7377" started-at="2022-04-24T00:10:58Z" description="Validate that message displayed for not available slot" finished-at="2022-04-24T00:11:06Z">
          <reporter-output>
          </reporter-output>
        </test-method> <!-- SelectInValidSlot -->
        <test-method status="PASS" signature="tearDown()[pri:0, instance:com.Tour.qa.testdata.ChooseDateTest@627551fb]" name="tearDown" is-config="true" duration-ms="823" started-at="2022-04-24T00:11:06Z" finished-at="2022-04-24T00:11:06Z">
          <reporter-output>
          </reporter-output>
        </test-method> <!-- tearDown -->
        <test-method status="PASS" signature="setUp()[pri:0, instance:com.Tour.qa.testdata.ChooseDateTest@627551fb]" name="setUp" is-config="true" duration-ms="20203" started-at="2022-04-24T00:11:06Z" finished-at="2022-04-24T00:11:27Z">
          <reporter-output>
          </reporter-output>
        </test-method> <!-- setUp -->
        <test-method status="PASS" signature="validateGroupSize2()[pri:10, instance:com.Tour.qa.testdata.ChooseDateTest@627551fb]" name="validateGroupSize2" duration-ms="80" started-at="2022-04-24T00:11:27Z" description="Validate Group Size display correct based on give data on previous page" finished-at="2022-04-24T00:11:27Z">
          <reporter-output>
          </reporter-output>
        </test-method> <!-- validateGroupSize2 -->
        <test-method status="PASS" signature="tearDown()[pri:0, instance:com.Tour.qa.testdata.ChooseDateTest@627551fb]" name="tearDown" is-config="true" duration-ms="785" started-at="2022-04-24T00:11:27Z" finished-at="2022-04-24T00:11:28Z">
          <reporter-output>
          </reporter-output>
        </test-method> <!-- tearDown -->
      </class> <!-- com.Tour.qa.testdata.ChooseDateTest -->
    </test> <!-- Myntra1 -->
    <test name="flipkart2" duration-ms="1377889" started-at="2022-04-24T00:11:28Z" finished-at="2022-04-24T00:34:25Z">
      <class name="com.Tour.qa.testdata.RegistrationTest">
        <test-method status="PASS" signature="setUp()[pri:0, instance:com.Tour.qa.testdata.RegistrationTest@1dfe2924]" name="setUp" is-config="true" duration-ms="36608" started-at="2022-04-24T00:11:28Z" finished-at="2022-04-24T00:12:04Z">
          <reporter-output>
          </reporter-output>
        </test-method> <!-- setUp -->
        <test-method status="PASS" signature="CheckFillDataInRegistrationForm()[pri:1, instance:com.Tour.qa.testdata.RegistrationTest@1dfe2924]" name="CheckFillDataInRegistrationForm" duration-ms="11885" started-at="2022-04-24T00:12:04Z" description="Validate Registration form without signin work fine and User navigate on Next page successfully" finished-at="2022-04-24T00:12:16Z">
          <reporter-output>
          </reporter-output>
        </test-method> <!-- CheckFillDataInRegistrationForm -->
        <test-method status="PASS" signature="tearDown()[pri:0, instance:com.Tour.qa.testdata.RegistrationTest@1dfe2924]" name="tearDown" is-config="true" duration-ms="1321" started-at="2022-04-24T00:12:16Z" finished-at="2022-04-24T00:12:17Z">
          <reporter-output>
          </reporter-output>
        </test-method> <!-- tearDown -->
        <test-method status="PASS" signature="setUp()[pri:0, instance:com.Tour.qa.testdata.RegistrationTest@1dfe2924]" name="setUp" is-config="true" duration-ms="39516" started-at="2022-04-24T00:12:17Z" finished-at="2022-04-24T00:12:57Z">
          <reporter-output>
          </reporter-output>
        </test-method> <!-- setUp -->
        <test-method status="PASS" signature="CheckInvalidEmail()[pri:2, instance:com.Tour.qa.testdata.RegistrationTest@1dfe2924]" name="CheckInvalidEmail" duration-ms="7168" started-at="2022-04-24T00:12:57Z" description="Validate proper error message should displayed on providing inavlid email like only abc or abc@" finished-at="2022-04-24T00:13:04Z">
          <reporter-output>
          </reporter-output>
        </test-method> <!-- CheckInvalidEmail -->
        <test-method status="PASS" signature="tearDown()[pri:0, instance:com.Tour.qa.testdata.RegistrationTest@1dfe2924]" name="tearDown" is-config="true" duration-ms="790" started-at="2022-04-24T00:13:04Z" finished-at="2022-04-24T00:13:05Z">
          <reporter-output>
          </reporter-output>
        </test-method> <!-- tearDown -->
        <test-method status="PASS" signature="setUp()[pri:0, instance:com.Tour.qa.testdata.RegistrationTest@1dfe2924]" name="setUp" is-config="true" duration-ms="39491" started-at="2022-04-24T00:13:05Z" finished-at="2022-04-24T00:13:44Z">
          <reporter-output>
          </reporter-output>
        </test-method> <!-- setUp -->
        <test-method status="PASS" signature="CheckduplicateEmail()[pri:3, instance:com.Tour.qa.testdata.RegistrationTest@1dfe2924]" name="CheckduplicateEmail" duration-ms="5418" started-at="2022-04-24T00:13:44Z" description="Validate that proper error message should displayed on providing duplicate email" finished-at="2022-04-24T00:13:50Z">
          <reporter-output>
          </reporter-output>
        </test-method> <!-- CheckduplicateEmail -->
        <test-method status="PASS" signature="tearDown()[pri:0, instance:com.Tour.qa.testdata.RegistrationTest@1dfe2924]" name="tearDown" is-config="true" duration-ms="843" started-at="2022-04-24T00:13:50Z" finished-at="2022-04-24T00:13:51Z">
          <reporter-output>
          </reporter-output>
        </test-method> <!-- tearDown -->
        <test-method status="PASS" signature="setUp()[pri:0, instance:com.Tour.qa.testdata.RegistrationTest@1dfe2924]" name="setUp" is-config="true" duration-ms="34498" started-at="2022-04-24T00:13:51Z" finished-at="2022-04-24T00:14:25Z">
          <reporter-output>
          </reporter-output>
        </test-method> <!-- setUp -->
        <test-method status="PASS" signature="CheckinvalidData()[pri:4, instance:com.Tour.qa.testdata.RegistrationTest@1dfe2924]" name="CheckinvalidData" duration-ms="10846" started-at="2022-04-24T00:14:25Z" description="Validate Proper error message should display for providing invalid data in each form&#039;s fields" finished-at="2022-04-24T00:14:36Z">
          <reporter-output>
          </reporter-output>
        </test-method> <!-- CheckinvalidData -->
        <test-method status="PASS" signature="tearDown()[pri:0, instance:com.Tour.qa.testdata.RegistrationTest@1dfe2924]" name="tearDown" is-config="true" duration-ms="879" started-at="2022-04-24T00:14:36Z" finished-at="2022-04-24T00:14:37Z">
          <reporter-output>
          </reporter-output>
        </test-method> <!-- tearDown -->
        <test-method status="PASS" signature="setUp()[pri:0, instance:com.Tour.qa.testdata.RegistrationTest@1dfe2924]" name="setUp" is-config="true" duration-ms="39931" started-at="2022-04-24T00:14:37Z" finished-at="2022-04-24T00:15:17Z">
          <reporter-output>
          </reporter-output>
        </test-method> <!-- setUp -->
        <test-method status="PASS" signature="emptyFormtTest()[pri:5, instance:com.Tour.qa.testdata.RegistrationTest@1dfe2924]" name="emptyFormtTest" duration-ms="6372" started-at="2022-04-24T00:15:17Z" description="Validate that proper error message should displayed for each mandatory field on clicking button without providing any data on form" finished-at="2022-04-24T00:15:23Z">
          <reporter-output>
          </reporter-output>
        </test-method> <!-- emptyFormtTest -->
        <test-method status="PASS" signature="tearDown()[pri:0, instance:com.Tour.qa.testdata.RegistrationTest@1dfe2924]" name="tearDown" is-config="true" duration-ms="729" started-at="2022-04-24T00:15:23Z" finished-at="2022-04-24T00:15:24Z">
          <reporter-output>
          </reporter-output>
        </test-method> <!-- tearDown -->
        <test-method status="PASS" signature="setUp()[pri:0, instance:com.Tour.qa.testdata.RegistrationTest@1dfe2924]" name="setUp" is-config="true" duration-ms="37883" started-at="2022-04-24T00:15:24Z" finished-at="2022-04-24T00:16:02Z">
          <reporter-output>
          </reporter-output>
        </test-method> <!-- setUp -->
        <test-method status="PASS" signature="invalidPasswordTest()[pri:6, instance:com.Tour.qa.testdata.RegistrationTest@1dfe2924]" name="invalidPasswordTest" duration-ms="8996" started-at="2022-04-24T00:16:02Z" description="Validate that proper error message should displayed on providing invalid password like char are less then 8 char, or provide on int or only char" finished-at="2022-04-24T00:16:11Z">
          <reporter-output>
          </reporter-output>
        </test-method> <!-- invalidPasswordTest -->
        <test-method status="PASS" signature="tearDown()[pri:0, instance:com.Tour.qa.testdata.RegistrationTest@1dfe2924]" name="tearDown" is-config="true" duration-ms="757" started-at="2022-04-24T00:16:11Z" finished-at="2022-04-24T00:16:12Z">
          <reporter-output>
          </reporter-output>
        </test-method> <!-- tearDown -->
        <test-method status="PASS" signature="setUp()[pri:0, instance:com.Tour.qa.testdata.RegistrationTest@1dfe2924]" name="setUp" is-config="true" duration-ms="31825" started-at="2022-04-24T00:16:12Z" finished-at="2022-04-24T00:16:43Z">
          <reporter-output>
          </reporter-output>
        </test-method> <!-- setUp -->
        <test-method status="PASS" signature="invalidZipCodeTest()[pri:7, instance:com.Tour.qa.testdata.RegistrationTest@1dfe2924]" name="invalidZipCodeTest" duration-ms="8995" started-at="2022-04-24T00:16:43Z" description="Validate that proper error message should dispalyed on providing invalid zipCode like less than 5 char" finished-at="2022-04-24T00:16:52Z">
          <reporter-output>
          </reporter-output>
        </test-method> <!-- invalidZipCodeTest -->
        <test-method status="PASS" signature="tearDown()[pri:0, instance:com.Tour.qa.testdata.RegistrationTest@1dfe2924]" name="tearDown" is-config="true" duration-ms="786" started-at="2022-04-24T00:16:52Z" finished-at="2022-04-24T00:16:53Z">
          <reporter-output>
          </reporter-output>
        </test-method> <!-- tearDown -->
        <test-method status="PASS" signature="setUp()[pri:0, instance:com.Tour.qa.testdata.RegistrationTest@1dfe2924]" name="setUp" is-config="true" duration-ms="36320" started-at="2022-04-24T00:16:53Z" finished-at="2022-04-24T00:17:29Z">
          <reporter-output>
          </reporter-output>
        </test-method> <!-- setUp -->
        <test-method status="FAIL" signature="ErrorShouldDisplyOnPrpviding10CharInMobileFildOdRegidtrationPage()[pri:8, instance:com.Tour.qa.testdata.RegistrationTest@1dfe2924]" name="ErrorShouldDisplyOnPrpviding10CharInMobileFildOdRegidtrationPage" duration-ms="8238" started-at="2022-04-24T00:17:29Z" description="Validate proper error message should displayed on providing invalid mobile number as per rules" finished-at="2022-04-24T00:17:38Z">
          <exception class="java.lang.AssertionError">
            <message>
              <![CDATA[expected [The value 'qwertyuiop' is invalid.] but found []]]>
            </message>
            <full-stacktrace>
              <![CDATA[java.lang.AssertionError: expected [The value 'qwertyuiop' is invalid.] but found []
at org.testng.Assert.fail(Assert.java:96)
at org.testng.Assert.failNotEquals(Assert.java:776)
at org.testng.Assert.assertEqualsImpl(Assert.java:137)
at org.testng.Assert.assertEquals(Assert.java:118)
at org.testng.Assert.assertEquals(Assert.java:453)
at org.testng.Assert.assertEquals(Assert.java:463)
at com.Tour.qa.testdata.RegistrationTest.ErrorShouldDisplyOnPrpviding10CharInMobileFildOdRegidtrationPage(RegistrationTest.java:181)
at sun.reflect.NativeMethodAccessorImpl.invoke0(Native Method)
at sun.reflect.NativeMethodAccessorImpl.invoke(NativeMethodAccessorImpl.java:62)
at sun.reflect.DelegatingMethodAccessorImpl.invoke(DelegatingMethodAccessorImpl.java:43)
at java.lang.reflect.Method.invoke(Method.java:498)
at org.testng.internal.MethodInvocationHelper.invokeMethod(MethodInvocationHelper.java:124)
at org.testng.internal.Invoker.invokeMethod(Invoker.java:583)
at org.testng.internal.Invoker.invokeTestMethod(Invoker.java:719)
at org.testng.internal.Invoker.invokeTestMethods(Invoker.java:989)
at org.testng.internal.TestMethodWorker.invokeTestMethods(TestMethodWorker.java:125)
at org.testng.internal.TestMethodWorker.run(TestMethodWorker.java:109)
at org.testng.TestRunner.privateRun(TestRunner.java:648)
at org.testng.TestRunner.run(TestRunner.java:505)
at org.testng.SuiteRunner.runTest(SuiteRunner.java:455)
at org.testng.SuiteRunner.runSequentially(SuiteRunner.java:450)
at org.testng.SuiteRunner.privateRun(SuiteRunner.java:415)
at org.testng.SuiteRunner.run(SuiteRunner.java:364)
at org.testng.SuiteRunnerWorker.runSuite(SuiteRunnerWorker.java:52)
at org.testng.SuiteRunnerWorker.run(SuiteRunnerWorker.java:84)
at org.testng.TestNG.runSuitesSequentially(TestNG.java:1208)
at org.testng.TestNG.runSuitesLocally(TestNG.java:1137)
at org.testng.TestNG.runSuites(TestNG.java:1049)
at org.testng.TestNG.run(TestNG.java:1017)
at org.apache.maven.surefire.testng.TestNGExecutor.run(TestNGExecutor.java:324)
at org.apache.maven.surefire.testng.TestNGXmlTestSuite.execute(TestNGXmlTestSuite.java:74)
at org.apache.maven.surefire.testng.TestNGProvider.invoke(TestNGProvider.java:123)
at org.apache.maven.surefire.booter.ForkedBooter.runSuitesInProcess(ForkedBooter.java:456)
at org.apache.maven.surefire.booter.ForkedBooter.execute(ForkedBooter.java:169)
at org.apache.maven.surefire.booter.ForkedBooter.run(ForkedBooter.java:595)
at org.apache.maven.surefire.booter.ForkedBooter.main(ForkedBooter.java:581)
]]>
            </full-stacktrace>
          </exception> <!-- java.lang.AssertionError -->
          <reporter-output>
          </reporter-output>
        </test-method> <!-- ErrorShouldDisplyOnPrpviding10CharInMobileFildOdRegidtrationPage -->
        <test-method status="PASS" signature="tearDown()[pri:0, instance:com.Tour.qa.testdata.RegistrationTest@1dfe2924]" name="tearDown" is-config="true" duration-ms="1250" started-at="2022-04-24T00:17:38Z" finished-at="2022-04-24T00:17:39Z">
          <reporter-output>
          </reporter-output>
        </test-method> <!-- tearDown -->
        <test-method status="PASS" signature="setUp()[pri:0, instance:com.Tour.qa.testdata.RegistrationTest@1dfe2924]" name="setUp" is-config="true" duration-ms="33271" started-at="2022-04-24T00:17:39Z" finished-at="2022-04-24T00:18:12Z">
          <reporter-output>
          </reporter-output>
        </test-method> <!-- setUp -->
        <test-method status="PASS" signature="invalidMobNumber()[pri:8, instance:com.Tour.qa.testdata.RegistrationTest@1dfe2924]" name="invalidMobNumber" duration-ms="7932" started-at="2022-04-24T00:18:12Z" description="Validate proper error message should displayed on providing invalid mobile number as per rules" finished-at="2022-04-24T00:18:20Z">
          <reporter-output>
          </reporter-output>
        </test-method> <!-- invalidMobNumber -->
        <test-method status="PASS" signature="tearDown()[pri:0, instance:com.Tour.qa.testdata.RegistrationTest@1dfe2924]" name="tearDown" is-config="true" duration-ms="842" started-at="2022-04-24T00:18:20Z" finished-at="2022-04-24T00:18:21Z">
          <reporter-output>
          </reporter-output>
        </test-method> <!-- tearDown -->
        <test-method status="PASS" signature="setUp()[pri:0, instance:com.Tour.qa.testdata.RegistrationTest@1dfe2924]" name="setUp" is-config="true" duration-ms="34528" started-at="2022-04-24T00:18:21Z" finished-at="2022-04-24T00:18:55Z">
          <reporter-output>
          </reporter-output>
        </test-method> <!-- setUp -->
        <test-method status="PASS" signature="invalidMobWithLeassDigit()[pri:8, instance:com.Tour.qa.testdata.RegistrationTest@1dfe2924]" name="invalidMobWithLeassDigit" duration-ms="8401" started-at="2022-04-24T00:18:55Z" description="Validate proper error message should displayed on providing invalid mobile number as per rules" finished-at="2022-04-24T00:19:04Z">
          <reporter-output>
          </reporter-output>
        </test-method> <!-- invalidMobWithLeassDigit -->
        <test-method status="PASS" signature="tearDown()[pri:0, instance:com.Tour.qa.testdata.RegistrationTest@1dfe2924]" name="tearDown" is-config="true" duration-ms="1032" started-at="2022-04-24T00:19:04Z" finished-at="2022-04-24T00:19:05Z">
          <reporter-output>
          </reporter-output>
        </test-method> <!-- tearDown -->
        <test-method status="PASS" signature="setUp()[pri:0, instance:com.Tour.qa.testdata.RegistrationTest@1dfe2924]" name="setUp" is-config="true" duration-ms="33057" started-at="2022-04-24T00:19:05Z" finished-at="2022-04-24T00:19:38Z">
          <reporter-output>
          </reporter-output>
        </test-method> <!-- setUp -->
        <test-method status="PASS" signature="TestLessDigitinMob()[pri:9, instance:com.Tour.qa.testdata.RegistrationTest@1dfe2924]" name="TestLessDigitinMob" duration-ms="8438" started-at="2022-04-24T00:19:38Z" description="Validate proper error message should dispalyed on providing less digits in mobile field/ invalid data" finished-at="2022-04-24T00:19:46Z">
          <reporter-output>
          </reporter-output>
        </test-method> <!-- TestLessDigitinMob -->
        <test-method status="PASS" signature="tearDown()[pri:0, instance:com.Tour.qa.testdata.RegistrationTest@1dfe2924]" name="tearDown" is-config="true" duration-ms="772" started-at="2022-04-24T00:19:46Z" finished-at="2022-04-24T00:19:47Z">
          <reporter-output>
          </reporter-output>
        </test-method> <!-- tearDown -->
        <test-method status="PASS" signature="setUp()[pri:0, instance:com.Tour.qa.testdata.RegistrationTest@1dfe2924]" name="setUp" is-config="true" duration-ms="36368" started-at="2022-04-24T00:19:47Z" finished-at="2022-04-24T00:20:24Z">
          <reporter-output>
          </reporter-output>
        </test-method> <!-- setUp -->
        <test-method status="PASS" signature="TestPasseordWithOnlyInt()[pri:10, instance:com.Tour.qa.testdata.RegistrationTest@1dfe2924]" name="TestPasseordWithOnlyInt" duration-ms="9654" started-at="2022-04-24T00:20:24Z" description="Validate proper error message should display on providing only int in password field" finished-at="2022-04-24T00:20:33Z">
          <reporter-output>
          </reporter-output>
        </test-method> <!-- TestPasseordWithOnlyInt -->
        <test-method status="PASS" signature="tearDown()[pri:0, instance:com.Tour.qa.testdata.RegistrationTest@1dfe2924]" name="tearDown" is-config="true" duration-ms="759" started-at="2022-04-24T00:20:33Z" finished-at="2022-04-24T00:20:34Z">
          <reporter-output>
          </reporter-output>
        </test-method> <!-- tearDown -->
        <test-method status="PASS" signature="setUp()[pri:0, instance:com.Tour.qa.testdata.RegistrationTest@1dfe2924]" name="setUp" is-config="true" duration-ms="36877" started-at="2022-04-24T00:20:34Z" finished-at="2022-04-24T00:21:11Z">
          <reporter-output>
          </reporter-output>
        </test-method> <!-- setUp -->
        <test-method status="PASS" signature="testPasswordWithOnlyString()[pri:11, instance:com.Tour.qa.testdata.RegistrationTest@1dfe2924]" name="testPasswordWithOnlyString" duration-ms="8687" started-at="2022-04-24T00:21:11Z" description="Validate that proper error message should displayed on providing only string in password field" finished-at="2022-04-24T00:21:20Z">
          <reporter-output>
          </reporter-output>
        </test-method> <!-- testPasswordWithOnlyString -->
        <test-method status="PASS" signature="tearDown()[pri:0, instance:com.Tour.qa.testdata.RegistrationTest@1dfe2924]" name="tearDown" is-config="true" duration-ms="759" started-at="2022-04-24T00:21:20Z" finished-at="2022-04-24T00:21:20Z">
          <reporter-output>
          </reporter-output>
        </test-method> <!-- tearDown -->
        <test-method status="PASS" signature="setUp()[pri:0, instance:com.Tour.qa.testdata.RegistrationTest@1dfe2924]" name="setUp" is-config="true" duration-ms="33252" started-at="2022-04-24T00:21:20Z" finished-at="2022-04-24T00:21:54Z">
          <reporter-output>
          </reporter-output>
        </test-method> <!-- setUp -->
        <test-method status="FAIL" signature="checkFirstName()[pri:12, instance:com.Tour.qa.testdata.RegistrationTest@1dfe2924]" name="checkFirstName" duration-ms="8393" started-at="2022-04-24T00:21:54Z" description="Validate error message should dispayed on providing invalid input in first name field" finished-at="2022-04-24T00:22:02Z">
          <exception class="java.lang.AssertionError">
            <message>
              <![CDATA[expected [true] but found [false]]]>
            </message>
            <full-stacktrace>
              <![CDATA[java.lang.AssertionError: expected [true] but found [false]
at org.testng.Assert.fail(Assert.java:96)
at org.testng.Assert.failNotEquals(Assert.java:776)
at org.testng.Assert.assertEqualsImpl(Assert.java:137)
at org.testng.Assert.assertEquals(Assert.java:118)
at org.testng.Assert.assertEquals(Assert.java:568)
at org.testng.Assert.assertEquals(Assert.java:578)
at com.Tour.qa.testdata.RegistrationTest.checkFirstName(RegistrationTest.java:255)
at sun.reflect.NativeMethodAccessorImpl.invoke0(Native Method)
at sun.reflect.NativeMethodAccessorImpl.invoke(NativeMethodAccessorImpl.java:62)
at sun.reflect.DelegatingMethodAccessorImpl.invoke(DelegatingMethodAccessorImpl.java:43)
at java.lang.reflect.Method.invoke(Method.java:498)
at org.testng.internal.MethodInvocationHelper.invokeMethod(MethodInvocationHelper.java:124)
at org.testng.internal.Invoker.invokeMethod(Invoker.java:583)
at org.testng.internal.Invoker.invokeTestMethod(Invoker.java:719)
at org.testng.internal.Invoker.invokeTestMethods(Invoker.java:989)
at org.testng.internal.TestMethodWorker.invokeTestMethods(TestMethodWorker.java:125)
at org.testng.internal.TestMethodWorker.run(TestMethodWorker.java:109)
at org.testng.TestRunner.privateRun(TestRunner.java:648)
at org.testng.TestRunner.run(TestRunner.java:505)
at org.testng.SuiteRunner.runTest(SuiteRunner.java:455)
at org.testng.SuiteRunner.runSequentially(SuiteRunner.java:450)
at org.testng.SuiteRunner.privateRun(SuiteRunner.java:415)
at org.testng.SuiteRunner.run(SuiteRunner.java:364)
at org.testng.SuiteRunnerWorker.runSuite(SuiteRunnerWorker.java:52)
at org.testng.SuiteRunnerWorker.run(SuiteRunnerWorker.java:84)
at org.testng.TestNG.runSuitesSequentially(TestNG.java:1208)
at org.testng.TestNG.runSuitesLocally(TestNG.java:1137)
at org.testng.TestNG.runSuites(TestNG.java:1049)
at org.testng.TestNG.run(TestNG.java:1017)
at org.apache.maven.surefire.testng.TestNGExecutor.run(TestNGExecutor.java:324)
at org.apache.maven.surefire.testng.TestNGXmlTestSuite.execute(TestNGXmlTestSuite.java:74)
at org.apache.maven.surefire.testng.TestNGProvider.invoke(TestNGProvider.java:123)
at org.apache.maven.surefire.booter.ForkedBooter.runSuitesInProcess(ForkedBooter.java:456)
at org.apache.maven.surefire.booter.ForkedBooter.execute(ForkedBooter.java:169)
at org.apache.maven.surefire.booter.ForkedBooter.run(ForkedBooter.java:595)
at org.apache.maven.surefire.booter.ForkedBooter.main(ForkedBooter.java:581)
]]>
            </full-stacktrace>
          </exception> <!-- java.lang.AssertionError -->
          <reporter-output>
          </reporter-output>
        </test-method> <!-- checkFirstName -->
        <test-method status="PASS" signature="tearDown()[pri:0, instance:com.Tour.qa.testdata.RegistrationTest@1dfe2924]" name="tearDown" is-config="true" duration-ms="754" started-at="2022-04-24T00:22:02Z" finished-at="2022-04-24T00:22:03Z">
          <reporter-output>
          </reporter-output>
        </test-method> <!-- tearDown -->
        <test-method status="PASS" signature="setUp()[pri:0, instance:com.Tour.qa.testdata.RegistrationTest@1dfe2924]" name="setUp" is-config="true" duration-ms="34676" started-at="2022-04-24T00:22:03Z" finished-at="2022-04-24T00:22:37Z">
          <reporter-output>
          </reporter-output>
        </test-method> <!-- setUp -->
        <test-method status="FAIL" signature="checkLastName()[pri:13, instance:com.Tour.qa.testdata.RegistrationTest@1dfe2924]" name="checkLastName" duration-ms="9105" started-at="2022-04-24T00:22:37Z" description="Validate error message should dispayed on providing invalid input in last name field" finished-at="2022-04-24T00:22:46Z">
          <exception class="java.lang.AssertionError">
            <message>
              <![CDATA[expected [true] but found [false]]]>
            </message>
            <full-stacktrace>
              <![CDATA[java.lang.AssertionError: expected [true] but found [false]
at org.testng.Assert.fail(Assert.java:96)
at org.testng.Assert.failNotEquals(Assert.java:776)
at org.testng.Assert.assertEqualsImpl(Assert.java:137)
at org.testng.Assert.assertEquals(Assert.java:118)
at org.testng.Assert.assertEquals(Assert.java:568)
at org.testng.Assert.assertEquals(Assert.java:578)
at com.Tour.qa.testdata.RegistrationTest.checkLastName(RegistrationTest.java:270)
at sun.reflect.NativeMethodAccessorImpl.invoke0(Native Method)
at sun.reflect.NativeMethodAccessorImpl.invoke(NativeMethodAccessorImpl.java:62)
at sun.reflect.DelegatingMethodAccessorImpl.invoke(DelegatingMethodAccessorImpl.java:43)
at java.lang.reflect.Method.invoke(Method.java:498)
at org.testng.internal.MethodInvocationHelper.invokeMethod(MethodInvocationHelper.java:124)
at org.testng.internal.Invoker.invokeMethod(Invoker.java:583)
at org.testng.internal.Invoker.invokeTestMethod(Invoker.java:719)
at org.testng.internal.Invoker.invokeTestMethods(Invoker.java:989)
at org.testng.internal.TestMethodWorker.invokeTestMethods(TestMethodWorker.java:125)
at org.testng.internal.TestMethodWorker.run(TestMethodWorker.java:109)
at org.testng.TestRunner.privateRun(TestRunner.java:648)
at org.testng.TestRunner.run(TestRunner.java:505)
at org.testng.SuiteRunner.runTest(SuiteRunner.java:455)
at org.testng.SuiteRunner.runSequentially(SuiteRunner.java:450)
at org.testng.SuiteRunner.privateRun(SuiteRunner.java:415)
at org.testng.SuiteRunner.run(SuiteRunner.java:364)
at org.testng.SuiteRunnerWorker.runSuite(SuiteRunnerWorker.java:52)
at org.testng.SuiteRunnerWorker.run(SuiteRunnerWorker.java:84)
at org.testng.TestNG.runSuitesSequentially(TestNG.java:1208)
at org.testng.TestNG.runSuitesLocally(TestNG.java:1137)
at org.testng.TestNG.runSuites(TestNG.java:1049)
at org.testng.TestNG.run(TestNG.java:1017)
at org.apache.maven.surefire.testng.TestNGExecutor.run(TestNGExecutor.java:324)
at org.apache.maven.surefire.testng.TestNGXmlTestSuite.execute(TestNGXmlTestSuite.java:74)
at org.apache.maven.surefire.testng.TestNGProvider.invoke(TestNGProvider.java:123)
at org.apache.maven.surefire.booter.ForkedBooter.runSuitesInProcess(ForkedBooter.java:456)
at org.apache.maven.surefire.booter.ForkedBooter.execute(ForkedBooter.java:169)
at org.apache.maven.surefire.booter.ForkedBooter.run(ForkedBooter.java:595)
at org.apache.maven.surefire.booter.ForkedBooter.main(ForkedBooter.java:581)
]]>
            </full-stacktrace>
          </exception> <!-- java.lang.AssertionError -->
          <reporter-output>
          </reporter-output>
        </test-method> <!-- checkLastName -->
        <test-method status="PASS" signature="tearDown()[pri:0, instance:com.Tour.qa.testdata.RegistrationTest@1dfe2924]" name="tearDown" is-config="true" duration-ms="719" started-at="2022-04-24T00:22:46Z" finished-at="2022-04-24T00:22:47Z">
          <reporter-output>
          </reporter-output>
        </test-method> <!-- tearDown -->
        <test-method status="PASS" signature="setUp()[pri:0, instance:com.Tour.qa.testdata.RegistrationTest@1dfe2924]" name="setUp" is-config="true" duration-ms="33796" started-at="2022-04-24T00:22:47Z" finished-at="2022-04-24T00:23:21Z">
          <reporter-output>
          </reporter-output>
        </test-method> <!-- setUp -->
        <test-method status="PASS" signature="checkEmailnotMatch()[pri:14, instance:com.Tour.qa.testdata.RegistrationTest@1dfe2924]" name="checkEmailnotMatch" duration-ms="8613" started-at="2022-04-24T00:23:21Z" description="Validate proper error message should displayed on providing different email and confirm email field" finished-at="2022-04-24T00:23:30Z">
          <reporter-output>
          </reporter-output>
        </test-method> <!-- checkEmailnotMatch -->
        <test-method status="PASS" signature="tearDown()[pri:0, instance:com.Tour.qa.testdata.RegistrationTest@1dfe2924]" name="tearDown" is-config="true" duration-ms="838" started-at="2022-04-24T00:23:30Z" finished-at="2022-04-24T00:23:30Z">
          <reporter-output>
          </reporter-output>
        </test-method> <!-- tearDown -->
        <test-method status="PASS" signature="setUp()[pri:0, instance:com.Tour.qa.testdata.RegistrationTest@1dfe2924]" name="setUp" is-config="true" duration-ms="30125" started-at="2022-04-24T00:23:30Z" finished-at="2022-04-24T00:24:01Z">
          <reporter-output>
          </reporter-output>
        </test-method> <!-- setUp -->
        <test-method status="PASS" signature="BothPasswordFieldNotMatch()[pri:15, instance:com.Tour.qa.testdata.RegistrationTest@1dfe2924]" name="BothPasswordFieldNotMatch" duration-ms="8221" started-at="2022-04-24T00:24:01Z" description="Validate error display on providing different password and confirm password field" finished-at="2022-04-24T00:24:09Z">
          <reporter-output>
          </reporter-output>
        </test-method> <!-- BothPasswordFieldNotMatch -->
        <test-method status="PASS" signature="tearDown()[pri:0, instance:com.Tour.qa.testdata.RegistrationTest@1dfe2924]" name="tearDown" is-config="true" duration-ms="768" started-at="2022-04-24T00:24:09Z" finished-at="2022-04-24T00:24:10Z">
          <reporter-output>
          </reporter-output>
        </test-method> <!-- tearDown -->
        <test-method status="PASS" signature="setUp()[pri:0, instance:com.Tour.qa.testdata.RegistrationTest@1dfe2924]" name="setUp" is-config="true" duration-ms="32608" started-at="2022-04-24T00:24:10Z" finished-at="2022-04-24T00:24:42Z">
          <reporter-output>
          </reporter-output>
        </test-method> <!-- setUp -->
        <test-method status="PASS" signature="checkMandatoryFieldsOnLeavinfEmpty()[pri:16, instance:com.Tour.qa.testdata.RegistrationTest@1dfe2924]" name="checkMandatoryFieldsOnLeavinfEmpty" duration-ms="7850" started-at="2022-04-24T00:24:42Z" description="Validate error should displayed on leaving mandatory fields on form" finished-at="2022-04-24T00:24:50Z">
          <reporter-output>
          </reporter-output>
        </test-method> <!-- checkMandatoryFieldsOnLeavinfEmpty -->
        <test-method status="PASS" signature="tearDown()[pri:0, instance:com.Tour.qa.testdata.RegistrationTest@1dfe2924]" name="tearDown" is-config="true" duration-ms="770" started-at="2022-04-24T00:24:50Z" finished-at="2022-04-24T00:24:51Z">
          <reporter-output>
          </reporter-output>
        </test-method> <!-- tearDown -->
        <test-method status="PASS" signature="setUp()[pri:0, instance:com.Tour.qa.testdata.RegistrationTest@1dfe2924]" name="setUp" is-config="true" duration-ms="31261" started-at="2022-04-24T00:24:51Z" finished-at="2022-04-24T00:25:22Z">
          <reporter-output>
          </reporter-output>
        </test-method> <!-- setUp -->
        <test-method status="PASS" signature="VehiclesFieldWithCharacter()[pri:17, instance:com.Tour.qa.testdata.RegistrationTest@1dfe2924]" name="VehiclesFieldWithCharacter" duration-ms="8651" started-at="2022-04-24T00:25:22Z" description="Validate proper error message should displayed on providing invalid data in vehicales field" finished-at="2022-04-24T00:25:31Z">
          <reporter-output>
          </reporter-output>
        </test-method> <!-- VehiclesFieldWithCharacter -->
        <test-method status="PASS" signature="tearDown()[pri:0, instance:com.Tour.qa.testdata.RegistrationTest@1dfe2924]" name="tearDown" is-config="true" duration-ms="767" started-at="2022-04-24T00:25:31Z" finished-at="2022-04-24T00:25:31Z">
          <reporter-output>
          </reporter-output>
        </test-method> <!-- tearDown -->
        <test-method status="PASS" signature="setUp()[pri:0, instance:com.Tour.qa.testdata.RegistrationTest@1dfe2924]" name="setUp" is-config="true" duration-ms="32429" started-at="2022-04-24T00:25:31Z" finished-at="2022-04-24T00:26:04Z">
          <reporter-output>
          </reporter-output>
        </test-method> <!-- setUp -->
        <test-method status="PASS" signature="checkGroupSizeWithString()[pri:18, instance:com.Tour.qa.testdata.RegistrationTest@1dfe2924]" name="checkGroupSizeWithString" duration-ms="8182" started-at="2022-04-24T00:26:04Z" description="Validate error message should displayed on providing invalid data in group size field" finished-at="2022-04-24T00:26:12Z">
          <reporter-output>
          </reporter-output>
        </test-method> <!-- checkGroupSizeWithString -->
        <test-method status="PASS" signature="tearDown()[pri:0, instance:com.Tour.qa.testdata.RegistrationTest@1dfe2924]" name="tearDown" is-config="true" duration-ms="814" started-at="2022-04-24T00:26:12Z" finished-at="2022-04-24T00:26:13Z">
          <reporter-output>
          </reporter-output>
        </test-method> <!-- tearDown -->
        <test-method status="PASS" signature="setUp()[pri:0, instance:com.Tour.qa.testdata.RegistrationTest@1dfe2924]" name="setUp" is-config="true" duration-ms="39746" started-at="2022-04-24T00:26:13Z" finished-at="2022-04-24T00:26:53Z">
          <reporter-output>
          </reporter-output>
        </test-method> <!-- setUp -->
        <test-method status="PASS" signature="HomePageTitleTest()[pri:19, instance:com.Tour.qa.testdata.RegistrationTest@1dfe2924]" name="HomePageTitleTest" duration-ms="17" started-at="2022-04-24T00:26:53Z" description="Validate page heading is displaying on page" finished-at="2022-04-24T00:26:53Z">
          <reporter-output>
          </reporter-output>
        </test-method> <!-- HomePageTitleTest -->
        <test-method status="PASS" signature="tearDown()[pri:0, instance:com.Tour.qa.testdata.RegistrationTest@1dfe2924]" name="tearDown" is-config="true" duration-ms="752" started-at="2022-04-24T00:26:53Z" finished-at="2022-04-24T00:26:53Z">
          <reporter-output>
          </reporter-output>
        </test-method> <!-- tearDown -->
        <test-method status="PASS" signature="setUp()[pri:0, instance:com.Tour.qa.testdata.RegistrationTest@1dfe2924]" name="setUp" is-config="true" duration-ms="31084" started-at="2022-04-24T00:26:53Z" finished-at="2022-04-24T00:27:25Z">
          <reporter-output>
          </reporter-output>
        </test-method> <!-- setUp -->
        <test-method status="PASS" signature="CheckBanner()[pri:20, instance:com.Tour.qa.testdata.RegistrationTest@1dfe2924]" name="CheckBanner" duration-ms="43" started-at="2022-04-24T00:27:25Z" description="Validate banner is displaying on page" finished-at="2022-04-24T00:27:25Z">
          <reporter-output>
          </reporter-output>
        </test-method> <!-- CheckBanner -->
        <test-method status="PASS" signature="tearDown()[pri:0, instance:com.Tour.qa.testdata.RegistrationTest@1dfe2924]" name="tearDown" is-config="true" duration-ms="729" started-at="2022-04-24T00:27:25Z" finished-at="2022-04-24T00:27:25Z">
          <reporter-output>
          </reporter-output>
        </test-method> <!-- tearDown -->
        <test-method status="PASS" signature="setUp()[pri:0, instance:com.Tour.qa.testdata.RegistrationTest@1dfe2924]" name="setUp" is-config="true" duration-ms="32004" started-at="2022-04-24T00:27:25Z" finished-at="2022-04-24T00:27:57Z">
          <reporter-output>
          </reporter-output>
        </test-method> <!-- setUp -->
        <test-method status="PASS" signature="validateGroupText1()[pri:21, instance:com.Tour.qa.testdata.RegistrationTest@1dfe2924]" name="validateGroupText1" duration-ms="52" started-at="2022-04-24T00:27:57Z" description="Validate Group type displayed correct as per given data " finished-at="2022-04-24T00:27:57Z">
          <reporter-output>
          </reporter-output>
        </test-method> <!-- validateGroupText1 -->
        <test-method status="PASS" signature="tearDown()[pri:0, instance:com.Tour.qa.testdata.RegistrationTest@1dfe2924]" name="tearDown" is-config="true" duration-ms="759" started-at="2022-04-24T00:27:57Z" finished-at="2022-04-24T00:27:58Z">
          <reporter-output>
          </reporter-output>
        </test-method> <!-- tearDown -->
        <test-method status="PASS" signature="setUp()[pri:0, instance:com.Tour.qa.testdata.RegistrationTest@1dfe2924]" name="setUp" is-config="true" duration-ms="35828" started-at="2022-04-24T00:27:58Z" finished-at="2022-04-24T00:28:34Z">
          <reporter-output>
          </reporter-output>
        </test-method> <!-- setUp -->
        <test-method status="PASS" signature="validateGroupSize()[pri:22, instance:com.Tour.qa.testdata.RegistrationTest@1dfe2924]" name="validateGroupSize" duration-ms="77" started-at="2022-04-24T00:28:34Z" description="Validate Group size displaying correct as per given data" finished-at="2022-04-24T00:28:34Z">
          <reporter-output>
          </reporter-output>
        </test-method> <!-- validateGroupSize -->
        <test-method status="PASS" signature="tearDown()[pri:0, instance:com.Tour.qa.testdata.RegistrationTest@1dfe2924]" name="tearDown" is-config="true" duration-ms="763" started-at="2022-04-24T00:28:34Z" finished-at="2022-04-24T00:28:35Z">
          <reporter-output>
          </reporter-output>
        </test-method> <!-- tearDown -->
        <test-method status="PASS" signature="setUp()[pri:0, instance:com.Tour.qa.testdata.RegistrationTest@1dfe2924]" name="setUp" is-config="true" duration-ms="31421" started-at="2022-04-24T00:28:35Z" finished-at="2022-04-24T00:29:06Z">
          <reporter-output>
          </reporter-output>
        </test-method> <!-- setUp -->
        <test-method status="PASS" signature="validateChoosFromMenuBar()[pri:23, instance:com.Tour.qa.testdata.RegistrationTest@1dfe2924]" name="validateChoosFromMenuBar" duration-ms="4609" started-at="2022-04-24T00:29:06Z" description="Validate on clicking choose date from sub bar menu is working fine and choose date page should navigate by clicking this link" finished-at="2022-04-24T00:29:11Z">
          <reporter-output>
          </reporter-output>
        </test-method> <!-- validateChoosFromMenuBar -->
        <test-method status="PASS" signature="tearDown()[pri:0, instance:com.Tour.qa.testdata.RegistrationTest@1dfe2924]" name="tearDown" is-config="true" duration-ms="903" started-at="2022-04-24T00:29:11Z" finished-at="2022-04-24T00:29:12Z">
          <reporter-output>
          </reporter-output>
        </test-method> <!-- tearDown -->
        <test-method status="PASS" signature="setUp()[pri:0, instance:com.Tour.qa.testdata.RegistrationTest@1dfe2924]" name="setUp" is-config="true" duration-ms="33630" started-at="2022-04-24T00:29:12Z" finished-at="2022-04-24T00:29:45Z">
          <reporter-output>
          </reporter-output>
        </test-method> <!-- setUp -->
        <test-method status="PASS" signature="validateChoosDateFromMenuBar()[pri:24, instance:com.Tour.qa.testdata.RegistrationTest@1dfe2924]" name="validateChoosDateFromMenuBar" duration-ms="4671" started-at="2022-04-24T00:29:45Z" description="Validate date should displayed as per given data" finished-at="2022-04-24T00:29:50Z">
          <reporter-output>
          </reporter-output>
        </test-method> <!-- validateChoosDateFromMenuBar -->
        <test-method status="PASS" signature="tearDown()[pri:0, instance:com.Tour.qa.testdata.RegistrationTest@1dfe2924]" name="tearDown" is-config="true" duration-ms="807" started-at="2022-04-24T00:29:50Z" finished-at="2022-04-24T00:29:51Z">
          <reporter-output>
          </reporter-output>
        </test-method> <!-- tearDown -->
        <test-method status="PASS" signature="setUp()[pri:0, instance:com.Tour.qa.testdata.RegistrationTest@1dfe2924]" name="setUp" is-config="true" duration-ms="33030" started-at="2022-04-24T00:29:51Z" finished-at="2022-04-24T00:30:24Z">
          <reporter-output>
          </reporter-output>
        </test-method> <!-- setUp -->
        <test-method status="PASS" signature="HeadingValidate1()[pri:25, instance:com.Tour.qa.testdata.RegistrationTest@1dfe2924]" name="HeadingValidate1" duration-ms="87" started-at="2022-04-24T00:30:24Z" description="Validate Heading of page displaying " finished-at="2022-04-24T00:30:24Z">
          <reporter-output>
          </reporter-output>
        </test-method> <!-- HeadingValidate1 -->
        <test-method status="PASS" signature="tearDown()[pri:0, instance:com.Tour.qa.testdata.RegistrationTest@1dfe2924]" name="tearDown" is-config="true" duration-ms="713" started-at="2022-04-24T00:30:24Z" finished-at="2022-04-24T00:30:25Z">
          <reporter-output>
          </reporter-output>
        </test-method> <!-- tearDown -->
        <test-method status="PASS" signature="setUp()[pri:0, instance:com.Tour.qa.testdata.RegistrationTest@1dfe2924]" name="setUp" is-config="true" duration-ms="32959" started-at="2022-04-24T00:30:25Z" finished-at="2022-04-24T00:30:58Z">
          <reporter-output>
          </reporter-output>
        </test-method> <!-- setUp -->
[...]
      <class name="com.Tour.qa.testdata.FaqPageTest">
        <test-method status="PASS" signature="setUp()[pri:0, instance:com.Tour.qa.testdata.FaqPageTest@5f282abb]" name="setUp" is-config="true" duration-ms="18784" started-at="2022-04-24T01:50:03Z" finished-at="2022-04-24T01:50:22Z">
          <reporter-output>
          </reporter-output>
        </test-method> <!-- setUp -->
        <test-method status="PASS" signature="validatePageHeading()[pri:1, instance:com.Tour.qa.testdata.FaqPageTest@5f282abb]" name="validatePageHeading" duration-ms="84" started-at="2022-04-24T01:50:22Z" description="Validate Page heading display correct" finished-at="2022-04-24T01:50:22Z">
          <reporter-output>
          </reporter-output>
        </test-method> <!-- validatePageHeading -->
        <test-method status="PASS" signature="tearDown()[pri:0, instance:com.Tour.qa.testdata.FaqPageTest@5f282abb]" name="tearDown" is-config="true" duration-ms="809" started-at="2022-04-24T01:50:22Z" finished-at="2022-04-24T01:50:23Z">
          <reporter-output>
          </reporter-output>
        </test-method> <!-- tearDown -->
        <test-method status="PASS" signature="setUp()[pri:0, instance:com.Tour.qa.testdata.FaqPageTest@5f282abb]" name="setUp" is-config="true" duration-ms="18343" started-at="2022-04-24T01:50:23Z" finished-at="2022-04-24T01:50:41Z">
          <reporter-output>
          </reporter-output>
        </test-method> <!-- setUp -->
        <test-method status="PASS" signature="validateQuestions()[pri:2, instance:com.Tour.qa.testdata.FaqPageTest@5f282abb]" name="validateQuestions" duration-ms="38" started-at="2022-04-24T01:50:41Z" description="Validate Questions display as expected" finished-at="2022-04-24T01:50:41Z">
          <reporter-output>
          </reporter-output>
        </test-method> <!-- validateQuestions -->
        <test-method status="PASS" signature="tearDown()[pri:0, instance:com.Tour.qa.testdata.FaqPageTest@5f282abb]" name="tearDown" is-config="true" duration-ms="994" started-at="2022-04-24T01:50:41Z" finished-at="2022-04-24T01:50:42Z">
          <reporter-output>
          </reporter-output>
        </test-method> <!-- tearDown -->
      </class> <!-- com.Tour.qa.testdata.FaqPageTest -->
    </test> <!-- flipkart10 -->
    <test name="Myntra11" duration-ms="76145" started-at="2022-04-24T01:50:42Z" finished-at="2022-04-24T01:51:58Z">
      <class name="com.Tour.qa.testdata.ForgotPasswordTest">
        <test-method status="PASS" signature="setUp()[pri:0, instance:com.Tour.qa.testdata.ForgotPasswordTest@74650e52]" name="setUp" is-config="true" duration-ms="17379" started-at="2022-04-24T01:50:42Z" finished-at="2022-04-24T01:50:59Z">
          <reporter-output>
          </reporter-output>
        </test-method> <!-- setUp -->
        <test-method status="PASS" signature="loginPageTitleTest()[pri:1, instance:com.Tour.qa.testdata.ForgotPasswordTest@74650e52]" name="loginPageTitleTest" duration-ms="89" started-at="2022-04-24T01:50:59Z" description="Validate Page title display correct" finished-at="2022-04-24T01:50:59Z">
          <reporter-output>
          </reporter-output>
        </test-method> <!-- loginPageTitleTest -->
        <test-method status="PASS" signature="tearDown()[pri:0, instance:com.Tour.qa.testdata.ForgotPasswordTest@74650e52]" name="tearDown" is-config="true" duration-ms="836" started-at="2022-04-24T01:50:59Z" finished-at="2022-04-24T01:51:00Z">
          <reporter-output>
          </reporter-output>
        </test-method> <!-- tearDown -->
        <test-method status="PASS" signature="setUp()[pri:0, instance:com.Tour.qa.testdata.ForgotPasswordTest@74650e52]" name="setUp" is-config="true" duration-ms="16220" started-at="2022-04-24T01:51:00Z" finished-at="2022-04-24T01:51:16Z">
          <reporter-output>
          </reporter-output>
        </test-method> <!-- setUp -->
        <test-method status="FAIL" signature="ValidateResetPWWithValidEmail()[pri:2, instance:com.Tour.qa.testdata.ForgotPasswordTest@74650e52]" name="ValidateResetPWWithValidEmail" duration-ms="12324" started-at="2022-04-24T01:51:16Z" description="Validate  Resetpage work fine with valid email" finished-at="2022-04-24T01:51:29Z">
          <exception class="org.openqa.selenium.NoSuchElementException">
            <message>
              <![CDATA[no such element: Unable to locate element: {"method":"xpath","selector":"//h1[contains(text(),'Need To Reset Your Password?')]"}
  (Session info: chrome=100.0.4896.127)
For documentation on this error, please visit: https://selenium.dev/exceptions/#no_such_element
Build info: version: '4.1.2', revision: '9a5a329c5a'
System info: host: 'DESKTOP-PSP68KB', ip: '192.168.223.1', os.name: 'Windows 10', os.arch: 'amd64', os.version: '10.0', java.version: '1.8.0_301'
Driver info: org.openqa.selenium.chrome.ChromeDriver
Command: [8311616dd7513bde5ec1532115370e96, findElement {using=xpath, value=//h1[contains(text(),'Need To Reset Your Password?')]}]
Capabilities {acceptInsecureCerts: false, browserName: chrome, browserVersion: 100.0.4896.127, chrome: {chromedriverVersion: 100.0.4896.60 (6a5d10861ce8..., userDataDir: C:\Users\Home\AppData\Local...}, goog:chromeOptions: {debuggerAddress: localhost:56851}, javascriptEnabled: true, networkConnectionEnabled: false, pageLoadStrategy: normal, platform: WINDOWS, platformName: WINDOWS, proxy: Proxy(), se:cdp: ws://localhost:56851/devtoo..., se:cdpVersion: 100.0.4896.127, setWindowRect: true, strictFileInteractability: false, timeouts: {implicit: 0, pageLoad: 300000, script: 30000}, unhandledPromptBehavior: dismiss and notify, webauthn:extension:credBlob: true, webauthn:extension:largeBlob: true, webauthn:virtualAuthenticators: true}
Session ID: 8311616dd7513bde5ec1532115370e96]]>
            </message>
            <full-stacktrace>
              <![CDATA[org.openqa.selenium.NoSuchElementException: no such element: Unable to locate element: {"method":"xpath","selector":"//h1[contains(text(),'Need To Reset Your Password?')]"}
  (Session info: chrome=100.0.4896.127)
For documentation on this error, please visit: https://selenium.dev/exceptions/#no_such_element
Build info: version: '4.1.2', revision: '9a5a329c5a'
System info: host: 'DESKTOP-PSP68KB', ip: '192.168.223.1', os.name: 'Windows 10', os.arch: 'amd64', os.version: '10.0', java.version: '1.8.0_301'
Driver info: org.openqa.selenium.chrome.ChromeDriver
Command: [8311616dd7513bde5ec1532115370e96, findElement {using=xpath, value=//h1[contains(text(),'Need To Reset Your Password?')]}]
Capabilities {acceptInsecureCerts: false, browserName: chrome, browserVersion: 100.0.4896.127, chrome: {chromedriverVersion: 100.0.4896.60 (6a5d10861ce8..., userDataDir: C:\Users\Home\AppData\Local...}, goog:chromeOptions: {debuggerAddress: localhost:56851}, javascriptEnabled: true, networkConnectionEnabled: false, pageLoadStrategy: normal, platform: WINDOWS, platformName: WINDOWS, proxy: Proxy(), se:cdp: ws://localhost:56851/devtoo..., se:cdpVersion: 100.0.4896.127, setWindowRect: true, strictFileInteractability: false, timeouts: {implicit: 0, pageLoad: 300000, script: 30000}, unhandledPromptBehavior: dismiss and notify, webauthn:extension:credBlob: true, webauthn:extension:largeBlob: true, webauthn:virtualAuthenticators: true}
Session ID: 8311616dd7513bde5ec1532115370e96
at sun.reflect.GeneratedConstructorAccessor35.newInstance(Unknown Source)
at sun.reflect.DelegatingConstructorAccessorImpl.newInstance(DelegatingConstructorAccessorImpl.java:45)
at java.lang.reflect.Constructor.newInstance(Constructor.java:423)
at org.openqa.selenium.remote.codec.w3c.W3CHttpResponseCodec.createException(W3CHttpResponseCodec.java:200)
at org.openqa.selenium.remote.codec.w3c.W3CHttpResponseCodec.decode(W3CHttpResponseCodec.java:133)
at org.openqa.selenium.remote.codec.w3c.W3CHttpResponseCodec.decode(W3CHttpResponseCodec.java:53)
at org.openqa.selenium.remote.HttpCommandExecutor.execute(HttpCommandExecutor.java:184)
at org.openqa.selenium.remote.service.DriverCommandExecutor.invokeExecute(DriverCommandExecutor.java:167)
at org.openqa.selenium.remote.service.DriverCommandExecutor.execute(DriverCommandExecutor.java:142)
at org.openqa.selenium.remote.RemoteWebDriver.execute(RemoteWebDriver.java:558)
at org.openqa.selenium.remote.ElementLocation$ElementFinder$2.findElement(ElementLocation.java:162)
at org.openqa.selenium.remote.ElementLocation.findElement(ElementLocation.java:60)
at org.openqa.selenium.remote.RemoteWebDriver.findElement(RemoteWebDriver.java:382)
at org.openqa.selenium.remote.RemoteWebDriver.findElement(RemoteWebDriver.java:374)
at org.openqa.selenium.support.pagefactory.DefaultElementLocator.findElement(DefaultElementLocator.java:70)
at org.openqa.selenium.support.pagefactory.internal.LocatingElementHandler.invoke(LocatingElementHandler.java:39)
at com.sun.proxy.$Proxy13.isDisplayed(Unknown Source)
at com.Tour.qa.pages.ForgotPassword.ValidateResetPWWithValidEmail(ForgotPassword.java:71)
at com.Tour.qa.testdata.ForgotPasswordTest.ValidateResetPWWithValidEmail(ForgotPasswordTest.java:57)
at sun.reflect.NativeMethodAccessorImpl.invoke0(Native Method)
at sun.reflect.NativeMethodAccessorImpl.invoke(NativeMethodAccessorImpl.java:62)
at sun.reflect.DelegatingMethodAccessorImpl.invoke(DelegatingMethodAccessorImpl.java:43)
at java.lang.reflect.Method.invoke(Method.java:498)
at org.testng.internal.MethodInvocationHelper.invokeMethod(MethodInvocationHelper.java:124)
at org.testng.internal.Invoker.invokeMethod(Invoker.java:583)
at org.testng.internal.Invoker.invokeTestMethod(Invoker.java:719)
at org.testng.internal.Invoker.invokeTestMethods(Invoker.java:989)
at org.testng.internal.TestMethodWorker.invokeTestMethods(TestMethodWorker.java:125)
at org.testng.internal.TestMethodWorker.run(TestMethodWorker.java:109)
at org.testng.TestRunner.privateRun(TestRunner.java:648)
at org.testng.TestRunner.run(TestRunner.java:505)
at org.testng.SuiteRunner.runTest(SuiteRunner.java:455)
at org.testng.SuiteRunner.runSequentially(SuiteRunner.java:450)
at org.testng.SuiteRunner.privateRun(SuiteRunner.java:415)
at org.testng.SuiteRunner.run(SuiteRunner.java:364)
at org.testng.SuiteRunnerWorker.runSuite(SuiteRunnerWorker.java:52)
at org.testng.SuiteRunnerWorker.run(SuiteRunnerWorker.java:84)
at org.testng.TestNG.runSuitesSequentially(TestNG.java:1208)
at org.testng.TestNG.runSuitesLocally(TestNG.java:1137)
at org.testng.TestNG.runSuites(TestNG.java:1049)
at org.testng.TestNG.run(TestNG.java:1017)
at org.apache.maven.surefire.testng.TestNGExecutor.run(TestNGExecutor.java:324)
at org.apache.maven.surefire.testng.TestNGXmlTestSuite.execute(TestNGXmlTestSuite.java:74)
at org.apache.maven.surefire.testng.TestNGProvider.invoke(TestNGProvider.java:123)
at org.apache.maven.surefire.booter.ForkedBooter.runSuitesInProcess(ForkedBooter.java:456)
at org.apache.maven.surefire.booter.ForkedBooter.execute(ForkedBooter.java:169)
at org.apache.maven.surefire.booter.ForkedBooter.run(ForkedBooter.java:595)
at org.apache.maven.surefire.booter.ForkedBooter.main(ForkedBooter.java:581)
]]>
            </full-stacktrace>
          </exception> <!-- org.openqa.selenium.NoSuchElementException -->
          <reporter-output>
          </reporter-output>
        </test-method> <!-- ValidateResetPWWithValidEmail -->
        <test-method status="PASS" signature="tearDown()[pri:0, instance:com.Tour.qa.testdata.ForgotPasswordTest@74650e52]" name="tearDown" is-config="true" duration-ms="1053" started-at="2022-04-24T01:51:29Z" finished-at="2022-04-24T01:51:30Z">
          <reporter-output>
          </reporter-output>
        </test-method> <!-- tearDown -->
        <test-method status="PASS" signature="setUp()[pri:0, instance:com.Tour.qa.testdata.ForgotPasswordTest@74650e52]" name="setUp" is-config="true" duration-ms="15726" started-at="2022-04-24T01:51:30Z" finished-at="2022-04-24T01:51:46Z">
          <reporter-output>
          </reporter-output>
        </test-method> <!-- setUp -->
        <test-method status="FAIL" signature="ValidateResetPWWithInValidEmail()[pri:3, instance:com.Tour.qa.testdata.ForgotPasswordTest@74650e52]" name="ValidateResetPWWithInValidEmail" duration-ms="11587" started-at="2022-04-24T01:51:46Z" description="Validate that proper error message should display on Reset password with invalid email" finished-at="2022-04-24T01:51:57Z">
          <exception class="org.openqa.selenium.NoSuchElementException">
            <message>
              <![CDATA[no such element: Unable to locate element: {"method":"xpath","selector":"//span[contains(text(),'Please enter a valid email.')]"}
  (Session info: chrome=100.0.4896.127)
For documentation on this error, please visit: https://selenium.dev/exceptions/#no_such_element
Build info: version: '4.1.2', revision: '9a5a329c5a'
System info: host: 'DESKTOP-PSP68KB', ip: '192.168.223.1', os.name: 'Windows 10', os.arch: 'amd64', os.version: '10.0', java.version: '1.8.0_301'
Driver info: org.openqa.selenium.chrome.ChromeDriver
Command: [d21a21517cfd2a5a45499f2ad29f8160, findElement {using=xpath, value=//span[contains(text(),'Please enter a valid email.')]}]
Capabilities {acceptInsecureCerts: false, browserName: chrome, browserVersion: 100.0.4896.127, chrome: {chromedriverVersion: 100.0.4896.60 (6a5d10861ce8..., userDataDir: C:\Users\Home\AppData\Local...}, goog:chromeOptions: {debuggerAddress: localhost:56883}, javascriptEnabled: true, networkConnectionEnabled: false, pageLoadStrategy: normal, platform: WINDOWS, platformName: WINDOWS, proxy: Proxy(), se:cdp: ws://localhost:56883/devtoo..., se:cdpVersion: 100.0.4896.127, setWindowRect: true, strictFileInteractability: false, timeouts: {implicit: 0, pageLoad: 300000, script: 30000}, unhandledPromptBehavior: dismiss and notify, webauthn:extension:credBlob: true, webauthn:extension:largeBlob: true, webauthn:virtualAuthenticators: true}
Session ID: d21a21517cfd2a5a45499f2ad29f8160]]>
            </message>
            <full-stacktrace>
              <![CDATA[org.openqa.selenium.NoSuchElementException: no such element: Unable to locate element: {"method":"xpath","selector":"//span[contains(text(),'Please enter a valid email.')]"}
  (Session info: chrome=100.0.4896.127)
For documentation on this error, please visit: https://selenium.dev/exceptions/#no_such_element
Build info: version: '4.1.2', revision: '9a5a329c5a'
System info: host: 'DESKTOP-PSP68KB', ip: '192.168.223.1', os.name: 'Windows 10', os.arch: 'amd64', os.version: '10.0', java.version: '1.8.0_301'
Driver info: org.openqa.selenium.chrome.ChromeDriver
Command: [d21a21517cfd2a5a45499f2ad29f8160, findElement {using=xpath, value=//span[contains(text(),'Please enter a valid email.')]}]
Capabilities {acceptInsecureCerts: false, browserName: chrome, browserVersion: 100.0.4896.127, chrome: {chromedriverVersion: 100.0.4896.60 (6a5d10861ce8..., userDataDir: C:\Users\Home\AppData\Local...}, goog:chromeOptions: {debuggerAddress: localhost:56883}, javascriptEnabled: true, networkConnectionEnabled: false, pageLoadStrategy: normal, platform: WINDOWS, platformName: WINDOWS, proxy: Proxy(), se:cdp: ws://localhost:56883/devtoo..., se:cdpVersion: 100.0.4896.127, setWindowRect: true, strictFileInteractability: false, timeouts: {implicit: 0, pageLoad: 300000, script: 30000}, unhandledPromptBehavior: dismiss and notify, webauthn:extension:credBlob: true, webauthn:extension:largeBlob: true, webauthn:virtualAuthenticators: true}
Session ID: d21a21517cfd2a5a45499f2ad29f8160
at sun.reflect.GeneratedConstructorAccessor35.newInstance(Unknown Source)
at sun.reflect.DelegatingConstructorAccessorImpl.newInstance(DelegatingConstructorAccessorImpl.java:45)
at java.lang.reflect.Constructor.newInstance(Constructor.java:423)
at org.openqa.selenium.remote.codec.w3c.W3CHttpResponseCodec.createException(W3CHttpResponseCodec.java:200)
at org.openqa.selenium.remote.codec.w3c.W3CHttpResponseCodec.decode(W3CHttpResponseCodec.java:133)
at org.openqa.selenium.remote.codec.w3c.W3CHttpResponseCodec.decode(W3CHttpResponseCodec.java:53)
at org.openqa.selenium.remote.HttpCommandExecutor.execute(HttpCommandExecutor.java:184)
at org.openqa.selenium.remote.service.DriverCommandExecutor.invokeExecute(DriverCommandExecutor.java:167)
at org.openqa.selenium.remote.service.DriverCommandExecutor.execute(DriverCommandExecutor.java:142)
at org.openqa.selenium.remote.RemoteWebDriver.execute(RemoteWebDriver.java:558)
at org.openqa.selenium.remote.ElementLocation$ElementFinder$2.findElement(ElementLocation.java:162)
at org.openqa.selenium.remote.ElementLocation.findElement(ElementLocation.java:60)
at org.openqa.selenium.remote.RemoteWebDriver.findElement(RemoteWebDriver.java:382)
at org.openqa.selenium.remote.RemoteWebDriver.findElement(RemoteWebDriver.java:374)
at org.openqa.selenium.support.pagefactory.DefaultElementLocator.findElement(DefaultElementLocator.java:70)
at org.openqa.selenium.support.pagefactory.internal.LocatingElementHandler.invoke(LocatingElementHandler.java:39)
at com.sun.proxy.$Proxy13.isDisplayed(Unknown Source)
at com.Tour.qa.pages.ForgotPassword.ValidateResetPWWithInValidEmail(ForgotPassword.java:81)
at com.Tour.qa.testdata.ForgotPasswordTest.ValidateResetPWWithInValidEmail(ForgotPasswordTest.java:66)
at sun.reflect.NativeMethodAccessorImpl.invoke0(Native Method)
at sun.reflect.NativeMethodAccessorImpl.invoke(NativeMethodAccessorImpl.java:62)
at sun.reflect.DelegatingMethodAccessorImpl.invoke(DelegatingMethodAccessorImpl.java:43)
at java.lang.reflect.Method.invoke(Method.java:498)
at org.testng.internal.MethodInvocationHelper.invokeMethod(MethodInvocationHelper.java:124)
at org.testng.internal.Invoker.invokeMethod(Invoker.java:583)
at org.testng.internal.Invoker.invokeTestMethod(Invoker.java:719)
at org.testng.internal.Invoker.invokeTestMethods(Invoker.java:989)
at org.testng.internal.TestMethodWorker.invokeTestMethods(TestMethodWorker.java:125)
at org.testng.internal.TestMethodWorker.run(TestMethodWorker.java:109)
at org.testng.TestRunner.privateRun(TestRunner.java:648)
at org.testng.TestRunner.run(TestRunner.java:505)
at org.testng.SuiteRunner.runTest(SuiteRunner.java:455)
at org.testng.SuiteRunner.runSequentially(SuiteRunner.java:450)
at org.testng.SuiteRunner.privateRun(SuiteRunner.java:415)
at org.testng.SuiteRunner.run(SuiteRunner.java:364)
at org.testng.SuiteRunnerWorker.runSuite(SuiteRunnerWorker.java:52)
at org.testng.SuiteRunnerWorker.run(SuiteRunnerWorker.java:84)
at org.testng.TestNG.runSuitesSequentially(TestNG.java:1208)
at org.testng.TestNG.runSuitesLocally(TestNG.java:1137)
at org.testng.TestNG.runSuites(TestNG.java:1049)
at org.testng.TestNG.run(TestNG.java:1017)
at org.apache.maven.surefire.testng.TestNGExecutor.run(TestNGExecutor.java:324)
at org.apache.maven.surefire.testng.TestNGXmlTestSuite.execute(TestNGXmlTestSuite.java:74)
at org.apache.maven.surefire.testng.TestNGProvider.invoke(TestNGProvider.java:123)
at org.apache.maven.surefire.booter.ForkedBooter.runSuitesInProcess(ForkedBooter.java:456)
at org.apache.maven.surefire.booter.ForkedBooter.execute(ForkedBooter.java:169)
at org.apache.maven.surefire.booter.ForkedBooter.run(ForkedBooter.java:595)
at org.apache.maven.surefire.booter.ForkedBooter.main(ForkedBooter.java:581)
]]>
            </full-stacktrace>
          </exception> <!-- org.openqa.selenium.NoSuchElementException -->
          <reporter-output>
          </reporter-output>
        </test-method> <!-- ValidateResetPWWithInValidEmail -->
        <test-method status="PASS" signature="tearDown()[pri:0, instance:com.Tour.qa.testdata.ForgotPasswordTest@74650e52]" name="tearDown" is-config="true" duration-ms="926" started-at="2022-04-24T01:51:57Z" finished-at="2022-04-24T01:51:58Z">
          <reporter-output>
          </reporter-output>
        </test-method> <!-- tearDown -->
      </class> <!-- com.Tour.qa.testdata.ForgotPasswordTest -->
    </test> <!-- Myntra11 -->
  </suite> <!-- Gmail Suite -->
</testng-results>
