<?xml version="1.0" encoding="UTF-8"?>
<testng-results skipped="0" failed="1" ignored="0" total="15" passed="14">
  <reporter-output>
  </reporter-output>
  <suite name="Chick-fil-A® Backstage Tour Automation Test" duration-ms="999314" started-at="2022-04-23T17:30:20Z" finished-at="2022-04-23T17:47:00Z">
    <groups>
    </groups>
    <test name="Chick-fil-A®Backstage Tour Test Cases" duration-ms="999314" started-at="2022-04-23T17:30:20Z" finished-at="2022-04-23T17:47:00Z">
      <class name="com.Tour.qa.testdata.EditReservationTest">
        <test-method status="PASS" signature="setUp()[pri:0, instance:com.Tour.qa.testdata.EditReservationTest@369f73a2]" name="setUp" is-config="true" duration-ms="91972" started-at="2022-04-23T17:32:47Z" finished-at="2022-04-23T17:34:19Z">
          <reporter-output>
          </reporter-output>
        </test-method> <!-- setUp -->
        <test-method status="PASS" signature="valiPageHeading()[pri:1, instance:com.Tour.qa.testdata.EditReservationTest@369f73a2]" name="valiPageHeading" duration-ms="36" started-at="2022-04-23T17:34:19Z" description="Validate Page heading displayed as expected" finished-at="2022-04-23T17:34:19Z">
          <reporter-output>
          </reporter-output>
        </test-method> <!-- valiPageHeading -->
        <test-method status="PASS" signature="tearDown()[pri:0, instance:com.Tour.qa.testdata.EditReservationTest@369f73a2]" name="tearDown" is-config="true" duration-ms="793" started-at="2022-04-23T17:34:19Z" finished-at="2022-04-23T17:34:19Z">
          <reporter-output>
          </reporter-output>
        </test-method> <!-- tearDown -->
      </class> <!-- com.Tour.qa.testdata.EditReservationTest -->
      <class name="com.Tour.qa.testdata.ReservationOverviewTest2">
        <test-method status="PASS" signature="setUp()[pri:0, instance:com.Tour.qa.testdata.ReservationOverviewTest2@7791a895]" name="setUp" is-config="true" duration-ms="43438" started-at="2022-04-23T17:39:58Z" finished-at="2022-04-23T17:40:42Z">
          <reporter-output>
          </reporter-output>
        </test-method> <!-- setUp -->
        <test-method status="FAIL" signature="checkPurchanseTicketButton()[pri:1, instance:com.Tour.qa.testdata.ReservationOverviewTest2@7791a895]" name="checkPurchanseTicketButton" duration-ms="10092" started-at="2022-04-23T17:40:42Z" description="Validate Purchase button work fine on adding more guest on Reservation Overview page" finished-at="2022-04-23T17:40:52Z">
          <exception class="java.lang.NullPointerException">
            <full-stacktrace>
              <![CDATA[java.lang.NullPointerException
at com.Tour.qa.pages.ReservationOverview2page.checkPurchanseTicketButton(ReservationOverview2page.java:46)
at com.Tour.qa.testdata.ReservationOverviewTest2.checkPurchanseTicketButton(ReservationOverviewTest2.java:88)
at sun.reflect.NativeMethodAccessorImpl.invoke0(Native Method)
at sun.reflect.NativeMethodAccessorImpl.invoke(NativeMethodAccessorImpl.java:62)
at sun.reflect.DelegatingMethodAccessorImpl.invoke(DelegatingMethodAccessorImpl.java:43)
at java.lang.reflect.Method.invoke(Method.java:498)
at org.testng.internal.MethodInvocationHelper.invokeMethod(MethodInvocationHelper.java:124)
at org.testng.internal.Invoker.invokeMethod(Invoker.java:583)
at org.testng.internal.Invoker.invokeTestMethod(Invoker.java:719)
at org.testng.internal.Invoker.invokeTestMethods(Invoker.java:989)
at org.testng.internal.TestMethodWorker.invokeTestMethods(TestMethodWorker.java:125)
at org.testng.internal.TestMethodWorker.run(TestMethodWorker.java:109)
at org.testng.TestRunner.privateRun(TestRunner.java:648)
at org.testng.TestRunner.run(TestRunner.java:505)
at org.testng.SuiteRunner.runTest(SuiteRunner.java:455)
at org.testng.SuiteRunner.runSequentially(SuiteRunner.java:450)
at org.testng.SuiteRunner.privateRun(SuiteRunner.java:415)
at org.testng.SuiteRunner.run(SuiteRunner.java:364)
at org.testng.SuiteRunnerWorker.runSuite(SuiteRunnerWorker.java:52)
at org.testng.SuiteRunnerWorker.run(SuiteRunnerWorker.java:84)
at org.testng.TestNG.runSuitesSequentially(TestNG.java:1208)
at org.testng.TestNG.runSuitesLocally(TestNG.java:1137)
at org.testng.TestNG.runSuites(TestNG.java:1049)
at org.testng.TestNG.run(TestNG.java:1017)
at org.apache.maven.surefire.testng.TestNGExecutor.run(TestNGExecutor.java:324)
at org.apache.maven.surefire.testng.TestNGXmlTestSuite.execute(TestNGXmlTestSuite.java:74)
at org.apache.maven.surefire.testng.TestNGProvider.invoke(TestNGProvider.java:123)
at org.apache.maven.surefire.booter.ForkedBooter.runSuitesInProcess(ForkedBooter.java:456)
at org.apache.maven.surefire.booter.ForkedBooter.execute(ForkedBooter.java:169)
at org.apache.maven.surefire.booter.ForkedBooter.run(ForkedBooter.java:595)
at org.apache.maven.surefire.booter.ForkedBooter.main(ForkedBooter.java:581)
]]>
            </full-stacktrace>
          </exception> <!-- java.lang.NullPointerException -->
          <reporter-output>
          </reporter-output>
        </test-method> <!-- checkPurchanseTicketButton -->
        <test-method status="PASS" signature="tearDown()[pri:0, instance:com.Tour.qa.testdata.ReservationOverviewTest2@7791a895]" name="tearDown" is-config="true" duration-ms="763" started-at="2022-04-23T17:40:52Z" finished-at="2022-04-23T17:40:53Z">
          <reporter-output>
          </reporter-output>
        </test-method> <!-- tearDown -->
      </class> <!-- com.Tour.qa.testdata.ReservationOverviewTest2 -->
      <class name="com.Tour.qa.testdata.RegistrationTest">
        <test-method status="PASS" signature="setUp()[pri:0, instance:com.Tour.qa.testdata.RegistrationTest@3b0143d3]" name="setUp" is-config="true" duration-ms="70138" started-at="2022-04-23T17:38:26Z" finished-at="2022-04-23T17:39:37Z">
          <reporter-output>
          </reporter-output>
        </test-method> <!-- setUp -->
        <test-method status="PASS" signature="CheckFillDataInRegistrationForm()[pri:1, instance:com.Tour.qa.testdata.RegistrationTest@3b0143d3]" name="CheckFillDataInRegistrationForm" duration-ms="20837" started-at="2022-04-23T17:39:37Z" description="Validate Registration form without signin work fine and User navigate on Next page successfully" finished-at="2022-04-23T17:39:57Z">
          <reporter-output>
          </reporter-output>
        </test-method> <!-- CheckFillDataInRegistrationForm -->
        <test-method status="PASS" signature="tearDown()[pri:0, instance:com.Tour.qa.testdata.RegistrationTest@3b0143d3]" name="tearDown" is-config="true" duration-ms="859" started-at="2022-04-23T17:39:57Z" finished-at="2022-04-23T17:39:58Z">
          <reporter-output>
          </reporter-output>
        </test-method> <!-- tearDown -->
      </class> <!-- com.Tour.qa.testdata.RegistrationTest -->
      <class name="com.Tour.qa.testdata.ModifyCancelTest">
        <test-method status="PASS" signature="setUp()[pri:0, instance:com.Tour.qa.testdata.ModifyCancelTest@7d907bac]" name="setUp" is-config="true" duration-ms="48982" started-at="2022-04-23T17:37:37Z" finished-at="2022-04-23T17:38:26Z">
          <reporter-output>
          </reporter-output>
        </test-method> <!-- setUp -->
        <test-method status="PASS" signature="validateTitle()[pri:1, instance:com.Tour.qa.testdata.ModifyCancelTest@7d907bac]" name="validateTitle" duration-ms="8" started-at="2022-04-23T17:38:26Z" description="Validate Correct page displayed" finished-at="2022-04-23T17:38:26Z">
          <reporter-output>
          </reporter-output>
        </test-method> <!-- validateTitle -->
        <test-method status="PASS" signature="tearDown()[pri:0, instance:com.Tour.qa.testdata.ModifyCancelTest@7d907bac]" name="tearDown" is-config="true" duration-ms="749" started-at="2022-04-23T17:38:26Z" finished-at="2022-04-23T17:38:26Z">
          <reporter-output>
          </reporter-output>
        </test-method> <!-- tearDown -->
      </class> <!-- com.Tour.qa.testdata.ModifyCancelTest -->
      <class name="com.Tour.qa.testdata.HeaderFooterTest">
        <test-method status="PASS" signature="setUp()[pri:0, instance:com.Tour.qa.testdata.HeaderFooterTest@67b92f0a]" name="setUp" is-config="true" duration-ms="22939" started-at="2022-04-23T17:46:35Z" finished-at="2022-04-23T17:46:58Z">
          <reporter-output>
          </reporter-output>
        </test-method> <!-- setUp -->
        <test-method status="PASS" signature="validateeHomelink()[pri:1, instance:com.Tour.qa.testdata.HeaderFooterTest@67b92f0a]" name="validateeHomelink" duration-ms="819" started-at="2022-04-23T17:46:58Z" description="Validate Home link work fine" finished-at="2022-04-23T17:46:59Z">
          <reporter-output>
          </reporter-output>
        </test-method> <!-- validateeHomelink -->
        <test-method status="PASS" signature="tearDown()[pri:0, instance:com.Tour.qa.testdata.HeaderFooterTest@67b92f0a]" name="tearDown" is-config="true" duration-ms="780" started-at="2022-04-23T17:46:59Z" finished-at="2022-04-23T17:46:59Z">
          <reporter-output>
          </reporter-output>
        </test-method> <!-- tearDown -->
      </class> <!-- com.Tour.qa.testdata.HeaderFooterTest -->
      <class name="com.Tour.qa.testdata.PaymentPageTest">
        <test-method status="PASS" signature="setUp()[pri:0, instance:com.Tour.qa.testdata.PaymentPageTest@4b4523f8]" name="setUp" is-config="true" duration-ms="73227" started-at="2022-04-23T17:42:56Z" finished-at="2022-04-23T17:44:09Z">
          <reporter-output>
          </reporter-output>
        </test-method> <!-- setUp -->
        <test-method status="PASS" signature="validateTitle()[pri:1, instance:com.Tour.qa.testdata.PaymentPageTest@4b4523f8]" name="validateTitle" duration-ms="41" started-at="2022-04-23T17:44:09Z" description="Validate page Title should display as expected" finished-at="2022-04-23T17:44:09Z">
          <reporter-output>
          </reporter-output>
        </test-method> <!-- validateTitle -->
        <test-method status="PASS" signature="tearDown()[pri:0, instance:com.Tour.qa.testdata.PaymentPageTest@4b4523f8]" name="tearDown" is-config="true" duration-ms="815" started-at="2022-04-23T17:44:09Z" finished-at="2022-04-23T17:44:10Z">
          <reporter-output>
          </reporter-output>
        </test-method> <!-- tearDown -->
      </class> <!-- com.Tour.qa.testdata.PaymentPageTest -->
      <class name="com.Tour.qa.testdata.ChooseTourTest">
        <test-method status="PASS" signature="setUp()[pri:0, instance:com.Tour.qa.testdata.ChooseTourTest@6ddf90b0]" name="setUp" is-config="true" duration-ms="55829" started-at="2022-04-23T17:34:19Z" finished-at="2022-04-23T17:35:15Z">
          <reporter-output>
          </reporter-output>
        </test-method> <!-- setUp -->
        <test-method status="PASS" signature="ChooseTourPageTitleTest()[pri:1, instance:com.Tour.qa.testdata.ChooseTourTest@6ddf90b0]" name="ChooseTourPageTitleTest" duration-ms="29" started-at="2022-04-23T17:35:15Z" description="Verify Page title is displaying correct" finished-at="2022-04-23T17:35:15Z">
          <reporter-output>
          </reporter-output>
        </test-method> <!-- ChooseTourPageTitleTest -->
        <test-method status="PASS" signature="tearDown()[pri:0, instance:com.Tour.qa.testdata.ChooseTourTest@6ddf90b0]" name="tearDown" is-config="true" duration-ms="761" started-at="2022-04-23T17:35:15Z" finished-at="2022-04-23T17:35:16Z">
          <reporter-output>
          </reporter-output>
        </test-method> <!-- tearDown -->
      </class> <!-- com.Tour.qa.testdata.ChooseTourTest -->
      <class name="com.Tour.qa.testdata.ReservationOverviewTest">
        <test-method status="PASS" signature="setUp()[pri:0, instance:com.Tour.qa.testdata.ReservationOverviewTest@1f28c152]" name="setUp" is-config="true" duration-ms="76147" started-at="2022-04-23T17:35:16Z" finished-at="2022-04-23T17:36:32Z">
          <reporter-output>
          </reporter-output>
        </test-method> <!-- setUp -->
        <test-method status="PASS" signature="validateeModifyButt()[pri:1, instance:com.Tour.qa.testdata.ReservationOverviewTest@1f28c152]" name="validateeModifyButt" duration-ms="3675" started-at="2022-04-23T17:36:32Z" description="Validate Modify Reservation button work as expected" finished-at="2022-04-23T17:36:36Z">
          <reporter-output>
          </reporter-output>
        </test-method> <!-- validateeModifyButt -->
        <test-method status="PASS" signature="tearDown()[pri:0, instance:com.Tour.qa.testdata.ReservationOverviewTest@1f28c152]" name="tearDown" is-config="true" duration-ms="749" started-at="2022-04-23T17:36:36Z" finished-at="2022-04-23T17:36:37Z">
          <reporter-output>
          </reporter-output>
        </test-method> <!-- tearDown -->
      </class> <!-- com.Tour.qa.testdata.ReservationOverviewTest -->
      <class name="com.Tour.qa.testdata.ChooseDateTest">
        <test-method status="PASS" signature="setUp()[pri:0, instance:com.Tour.qa.testdata.ChooseDateTest@57536d79]" name="setUp" is-config="true" duration-ms="59204" started-at="2022-04-23T17:36:37Z" finished-at="2022-04-23T17:37:36Z">
          <reporter-output>
          </reporter-output>
        </test-method> <!-- setUp -->
        <test-method status="PASS" signature="CheckPageTitle()[pri:1, instance:com.Tour.qa.testdata.ChooseDateTest@57536d79]" name="CheckPageTitle" duration-ms="13" started-at="2022-04-23T17:37:36Z" description="Verify Page title is displaying correct" finished-at="2022-04-23T17:37:36Z">
          <reporter-output>
          </reporter-output>
        </test-method> <!-- CheckPageTitle -->
        <test-method status="PASS" signature="tearDown()[pri:0, instance:com.Tour.qa.testdata.ChooseDateTest@57536d79]" name="tearDown" is-config="true" duration-ms="787" started-at="2022-04-23T17:37:36Z" finished-at="2022-04-23T17:37:37Z">
          <reporter-output>
          </reporter-output>
        </test-method> <!-- tearDown -->
      </class> <!-- com.Tour.qa.testdata.ChooseDateTest -->
      <class name="com.Tour.qa.testdata.LoginTest">
        <test-method status="PASS" signature="setUp()[pri:0, instance:com.Tour.qa.testdata.LoginTest@2b2948e2]" name="setUp" is-config="true" duration-ms="65572" started-at="2022-04-23T17:31:40Z" finished-at="2022-04-23T17:32:46Z">
          <reporter-output>
          </reporter-output>
        </test-method> <!-- setUp -->
        <test-method status="PASS" signature="loginPageTitleTest()[pri:1, instance:com.Tour.qa.testdata.LoginTest@2b2948e2]" name="loginPageTitleTest" duration-ms="9" started-at="2022-04-23T17:32:46Z" description="Validate Login page title display as expected" finished-at="2022-04-23T17:32:46Z">
          <reporter-output>
          </reporter-output>
        </test-method> <!-- loginPageTitleTest -->
        <test-method status="PASS" signature="tearDown()[pri:0, instance:com.Tour.qa.testdata.LoginTest@2b2948e2]" name="tearDown" is-config="true" duration-ms="831" started-at="2022-04-23T17:32:46Z" finished-at="2022-04-23T17:32:47Z">
          <reporter-output>
          </reporter-output>
        </test-method> <!-- tearDown -->
      </class> <!-- com.Tour.qa.testdata.LoginTest -->
      <class name="com.Tour.qa.testdata.PlanYourVisitText">
        <test-method status="PASS" signature="setUp()[pri:0, instance:com.Tour.qa.testdata.PlanYourVisitText@3a5ed7a6]" name="setUp" is-config="true" duration-ms="53583" started-at="2022-04-23T17:42:01Z" finished-at="2022-04-23T17:42:55Z">
          <reporter-output>
          </reporter-output>
        </test-method> <!-- setUp -->
        <test-method status="PASS" signature="validateTitle()[pri:1, instance:com.Tour.qa.testdata.PlanYourVisitText@3a5ed7a6]" name="validateTitle" duration-ms="64" started-at="2022-04-23T17:42:55Z" description="Validate Page title should display as expected" finished-at="2022-04-23T17:42:55Z">
          <reporter-output>
          </reporter-output>
        </test-method> <!-- validateTitle -->
        <test-method status="PASS" signature="tearDown()[pri:0, instance:com.Tour.qa.testdata.PlanYourVisitText@3a5ed7a6]" name="tearDown" is-config="true" duration-ms="703" started-at="2022-04-23T17:42:55Z" finished-at="2022-04-23T17:42:56Z">
          <reporter-output>
          </reporter-output>
        </test-method> <!-- tearDown -->
      </class> <!-- com.Tour.qa.testdata.PlanYourVisitText -->
      <class name="com.Tour.qa.testdata.ConfirmationPageTest">
        <test-method status="PASS" signature="setUp()[pri:0, instance:com.Tour.qa.testdata.ConfirmationPageTest@5a8e6209]" name="setUp" is-config="true" duration-ms="67388" started-at="2022-04-23T17:40:53Z" finished-at="2022-04-23T17:42:00Z">
          <reporter-output>
          </reporter-output>
        </test-method> <!-- setUp -->
        <test-method status="PASS" signature="ValidateTourType()[pri:1, instance:com.Tour.qa.testdata.ConfirmationPageTest@5a8e6209]" name="ValidateTourType" duration-ms="58" started-at="2022-04-23T17:42:00Z" description="Validate tour type displayed as expected" finished-at="2022-04-23T17:42:01Z">
          <reporter-output>
          </reporter-output>
        </test-method> <!-- ValidateTourType -->
        <test-method status="PASS" signature="tearDown()[pri:0, instance:com.Tour.qa.testdata.ConfirmationPageTest@5a8e6209]" name="tearDown" is-config="true" duration-ms="803" started-at="2022-04-23T17:42:01Z" finished-at="2022-04-23T17:42:01Z">
          <reporter-output>
          </reporter-output>
        </test-method> <!-- tearDown -->
      </class> <!-- com.Tour.qa.testdata.ConfirmationPageTest -->
      <class name="com.Tour.qa.testdata.FaqPageTest">
        <test-method status="PASS" signature="setUp()[pri:0, instance:com.Tour.qa.testdata.FaqPageTest@6325a3ee]" name="setUp" is-config="true" duration-ms="105136" started-at="2022-04-23T17:44:10Z" finished-at="2022-04-23T17:45:55Z">
          <reporter-output>
          </reporter-output>
        </test-method> <!-- setUp -->
        <test-method status="PASS" signature="validatePageHeading()[pri:1, instance:com.Tour.qa.testdata.FaqPageTest@6325a3ee]" name="validatePageHeading" duration-ms="42" started-at="2022-04-23T17:45:55Z" description="Validate Page heading display correct" finished-at="2022-04-23T17:45:55Z">
          <reporter-output>
          </reporter-output>
        </test-method> <!-- validatePageHeading -->
        <test-method status="PASS" signature="tearDown()[pri:0, instance:com.Tour.qa.testdata.FaqPageTest@6325a3ee]" name="tearDown" is-config="true" duration-ms="718" started-at="2022-04-23T17:45:55Z" finished-at="2022-04-23T17:45:56Z">
          <reporter-output>
          </reporter-output>
        </test-method> <!-- tearDown -->
      </class> <!-- com.Tour.qa.testdata.FaqPageTest -->
      <class name="com.Tour.qa.testdata.HomePageTest">
        <test-method status="PASS" signature="setUp()[pri:0, instance:com.Tour.qa.testdata.HomePageTest@eec5a4a]" name="setUp" is-config="true" duration-ms="77042" started-at="2022-04-23T17:30:21Z" finished-at="2022-04-23T17:31:38Z">
          <reporter-output>
          </reporter-output>
        </test-method> <!-- setUp -->
        <test-method status="PASS" signature="HomePageTitleTest()[pri:1, instance:com.Tour.qa.testdata.HomePageTest@eec5a4a]" name="HomePageTitleTest" duration-ms="29" started-at="2022-04-23T17:31:38Z" description="Validate Home page title display as expected" finished-at="2022-04-23T17:31:38Z">
          <reporter-output>
          </reporter-output>
        </test-method> <!-- HomePageTitleTest -->
        <test-method status="PASS" signature="tearDown()[pri:0, instance:com.Tour.qa.testdata.HomePageTest@eec5a4a]" name="tearDown" is-config="true" duration-ms="2174" started-at="2022-04-23T17:31:38Z" finished-at="2022-04-23T17:31:40Z">
          <reporter-output>
          </reporter-output>
        </test-method> <!-- tearDown -->
      </class> <!-- com.Tour.qa.testdata.HomePageTest -->
      <class name="com.Tour.qa.testdata.ForgotPasswordTest">
        <test-method status="PASS" signature="setUp()[pri:0, instance:com.Tour.qa.testdata.ForgotPasswordTest@1d16f93d]" name="setUp" is-config="true" duration-ms="38404" started-at="2022-04-23T17:45:56Z" finished-at="2022-04-23T17:46:34Z">
          <reporter-output>
          </reporter-output>
        </test-method> <!-- setUp -->
        <test-method status="PASS" signature="loginPageTitleTest()[pri:1, instance:com.Tour.qa.testdata.ForgotPasswordTest@1d16f93d]" name="loginPageTitleTest" duration-ms="60" started-at="2022-04-23T17:46:34Z" description="Validate Page title display correct" finished-at="2022-04-23T17:46:34Z">
          <reporter-output>
          </reporter-output>
        </test-method> <!-- loginPageTitleTest -->
        <test-method status="PASS" signature="tearDown()[pri:0, instance:com.Tour.qa.testdata.ForgotPasswordTest@1d16f93d]" name="tearDown" is-config="true" duration-ms="735" started-at="2022-04-23T17:46:34Z" finished-at="2022-04-23T17:46:35Z">
          <reporter-output>
          </reporter-output>
        </test-method> <!-- tearDown -->
      </class> <!-- com.Tour.qa.testdata.ForgotPasswordTest -->
    </test> <!-- Chick-fil-A®Backstage Tour Test Cases -->
  </suite> <!-- Chick-fil-A® Backstage Tour Automation Test -->
</testng-results>
