<?xml version="1.0" encoding="UTF-8"?>
<testng-results skipped="0" failed="1" ignored="0" total="5" passed="4">
  <reporter-output>
  </reporter-output>
  <suite name="Chick-fil-A® Backstage Tour Automation Test" duration-ms="276694" started-at="2022-04-23T21:15:11 PKT" finished-at="2022-04-23T21:19:48 PKT">
    <groups>
    </groups>
    <test name="Chick-fil-A®Backstage Tour Test Cases" duration-ms="276694" started-at="2022-04-23T21:15:11 PKT" finished-at="2022-04-23T21:19:48 PKT">
      <class name="com.Tour.qa.testdata.LoginTest">
        <test-method status="PASS" signature="setUp()[pri:0, instance:com.Tour.qa.testdata.LoginTest@3d3fcdb0]" name="setUp" is-config="true" duration-ms="60855" started-at="2022-04-23T21:15:11 PKT" finished-at="2022-04-23T21:16:12 PKT">
          <reporter-output>
          </reporter-output>
        </test-method> <!-- setUp -->
        <test-method status="PASS" signature="loginPageTitleTest()[pri:1, instance:com.Tour.qa.testdata.LoginTest@3d3fcdb0]" name="loginPageTitleTest" duration-ms="48" started-at="2022-04-23T21:16:12 PKT" description="Validate Login page title display as expected" finished-at="2022-04-23T21:16:12 PKT">
          <reporter-output>
          </reporter-output>
        </test-method> <!-- loginPageTitleTest -->
        <test-method status="PASS" signature="tearDown()[pri:0, instance:com.Tour.qa.testdata.LoginTest@3d3fcdb0]" name="tearDown" is-config="true" duration-ms="858" started-at="2022-04-23T21:16:12 PKT" finished-at="2022-04-23T21:16:13 PKT">
          <reporter-output>
          </reporter-output>
        </test-method> <!-- tearDown -->
        <test-method status="PASS" signature="setUp()[pri:0, instance:com.Tour.qa.testdata.LoginTest@3d3fcdb0]" name="setUp" is-config="true" duration-ms="40155" started-at="2022-04-23T21:16:13 PKT" finished-at="2022-04-23T21:16:53 PKT">
          <reporter-output>
          </reporter-output>
        </test-method> <!-- setUp -->
        <test-method status="PASS" signature="CheckLogo()[pri:2, instance:com.Tour.qa.testdata.LoginTest@3d3fcdb0]" name="CheckLogo" duration-ms="130" started-at="2022-04-23T21:16:53 PKT" description="Validate  logo should display as expected" finished-at="2022-04-23T21:16:53 PKT">
          <reporter-output>
          </reporter-output>
        </test-method> <!-- CheckLogo -->
        <test-method status="PASS" signature="tearDown()[pri:0, instance:com.Tour.qa.testdata.LoginTest@3d3fcdb0]" name="tearDown" is-config="true" duration-ms="798" started-at="2022-04-23T21:16:53 PKT" finished-at="2022-04-23T21:16:54 PKT">
          <reporter-output>
          </reporter-output>
        </test-method> <!-- tearDown -->
        <test-method status="PASS" signature="setUp()[pri:0, instance:com.Tour.qa.testdata.LoginTest@3d3fcdb0]" name="setUp" is-config="true" duration-ms="44726" started-at="2022-04-23T21:16:54 PKT" finished-at="2022-04-23T21:17:39 PKT">
          <reporter-output>
          </reporter-output>
        </test-method> <!-- setUp -->
        <test-method status="PASS" signature="loginTest()[pri:3, instance:com.Tour.qa.testdata.LoginTest@3d3fcdb0]" name="loginTest" duration-ms="11482" started-at="2022-04-23T21:17:39 PKT" description="Validate login button work fine and Modify/cancle page should be displayed after login" finished-at="2022-04-23T21:17:50 PKT">
          <reporter-output>
          </reporter-output>
        </test-method> <!-- loginTest -->
        <test-method status="PASS" signature="tearDown()[pri:0, instance:com.Tour.qa.testdata.LoginTest@3d3fcdb0]" name="tearDown" is-config="true" duration-ms="1019" started-at="2022-04-23T21:17:50 PKT" finished-at="2022-04-23T21:17:51 PKT">
          <reporter-output>
          </reporter-output>
        </test-method> <!-- tearDown -->
        <test-method status="PASS" signature="setUp()[pri:0, instance:com.Tour.qa.testdata.LoginTest@3d3fcdb0]" name="setUp" is-config="true" duration-ms="68595" started-at="2022-04-23T21:17:51 PKT" finished-at="2022-04-23T21:19:00 PKT">
          <reporter-output>
          </reporter-output>
        </test-method> <!-- setUp -->
        <test-method status="PASS" signature="loginTestInvalidEmail(java.lang.reflect.Method)[pri:4, instance:com.Tour.qa.testdata.LoginTest@3d3fcdb0]" name="loginTestInvalidEmail" duration-ms="1201" started-at="2022-04-23T21:19:00 PKT" description="Validate error should be displayed on providing invalid email" finished-at="2022-04-23T21:19:01 PKT">
          <params>
            <param index="0">
              <value>
                <![CDATA[public void com.Tour.qa.testdata.LoginTest.loginTestInvalidEmail(java.lang.reflect.Method)]]>
              </value>
            </param>
          </params>
          <reporter-output>
          </reporter-output>
        </test-method> <!-- loginTestInvalidEmail -->
        <test-method status="PASS" signature="tearDown()[pri:0, instance:com.Tour.qa.testdata.LoginTest@3d3fcdb0]" name="tearDown" is-config="true" duration-ms="797" started-at="2022-04-23T21:19:01 PKT" finished-at="2022-04-23T21:19:02 PKT">
          <reporter-output>
          </reporter-output>
        </test-method> <!-- tearDown -->
        <test-method status="PASS" signature="setUp()[pri:0, instance:com.Tour.qa.testdata.LoginTest@3d3fcdb0]" name="setUp" is-config="true" duration-ms="27467" started-at="2022-04-23T21:19:02 PKT" finished-at="2022-04-23T21:19:30 PKT">
          <reporter-output>
          </reporter-output>
        </test-method> <!-- setUp -->
        <test-method status="FAIL" signature="loginPageOnEmptyEmailField()[pri:5, instance:com.Tour.qa.testdata.LoginTest@3d3fcdb0]" name="loginPageOnEmptyEmailField" duration-ms="16644" started-at="2022-04-23T21:19:30 PKT" description="Validate error should be displayed on providing no email" finished-at="2022-04-23T21:19:46 PKT">
          <exception class="org.openqa.selenium.NoSuchElementException">
            <message>
              <![CDATA[no such element: Unable to locate element: {"method":"xpath","selector":"//span[contains(text(),'Email/Password is incorrect.')]"}
  (Session info: chrome=100.0.4896.127)
For documentation on this error, please visit: https://selenium.dev/exceptions/#no_such_element
Build info: version: '4.1.2', revision: '9a5a329c5a'
System info: host: 'DESKTOP-PSP68KB', ip: '192.168.223.1', os.name: 'Windows 10', os.arch: 'amd64', os.version: '10.0', java.version: '1.8.0_301'
Driver info: org.openqa.selenium.chrome.ChromeDriver
Command: [f7377f994a910ad128ee93372622bf55, findElement {using=xpath, value=//span[contains(text(),'Email/Password is incorrect.')]}]
Capabilities {acceptInsecureCerts: false, browserName: chrome, browserVersion: 100.0.4896.127, chrome: {chromedriverVersion: 100.0.4896.60 (6a5d10861ce8..., userDataDir: C:\Users\Home\AppData\Local...}, goog:chromeOptions: {debuggerAddress: localhost:53312}, javascriptEnabled: true, networkConnectionEnabled: false, pageLoadStrategy: normal, platform: WINDOWS, platformName: WINDOWS, proxy: Proxy(), se:cdp: ws://localhost:53312/devtoo..., se:cdpVersion: 100.0.4896.127, setWindowRect: true, strictFileInteractability: false, timeouts: {implicit: 0, pageLoad: 300000, script: 30000}, unhandledPromptBehavior: dismiss and notify, webauthn:extension:credBlob: true, webauthn:extension:largeBlob: true, webauthn:virtualAuthenticators: true}
Session ID: f7377f994a910ad128ee93372622bf55]]>
            </message>
            <full-stacktrace>
              <![CDATA[org.openqa.selenium.NoSuchElementException: no such element: Unable to locate element: {"method":"xpath","selector":"//span[contains(text(),'Email/Password is incorrect.')]"}
  (Session info: chrome=100.0.4896.127)
For documentation on this error, please visit: https://selenium.dev/exceptions/#no_such_element
Build info: version: '4.1.2', revision: '9a5a329c5a'
System info: host: 'DESKTOP-PSP68KB', ip: '192.168.223.1', os.name: 'Windows 10', os.arch: 'amd64', os.version: '10.0', java.version: '1.8.0_301'
Driver info: org.openqa.selenium.chrome.ChromeDriver
Command: [f7377f994a910ad128ee93372622bf55, findElement {using=xpath, value=//span[contains(text(),'Email/Password is incorrect.')]}]
Capabilities {acceptInsecureCerts: false, browserName: chrome, browserVersion: 100.0.4896.127, chrome: {chromedriverVersion: 100.0.4896.60 (6a5d10861ce8..., userDataDir: C:\Users\Home\AppData\Local...}, goog:chromeOptions: {debuggerAddress: localhost:53312}, javascriptEnabled: true, networkConnectionEnabled: false, pageLoadStrategy: normal, platform: WINDOWS, platformName: WINDOWS, proxy: Proxy(), se:cdp: ws://localhost:53312/devtoo..., se:cdpVersion: 100.0.4896.127, setWindowRect: true, strictFileInteractability: false, timeouts: {implicit: 0, pageLoad: 300000, script: 30000}, unhandledPromptBehavior: dismiss and notify, webauthn:extension:credBlob: true, webauthn:extension:largeBlob: true, webauthn:virtualAuthenticators: true}
Session ID: f7377f994a910ad128ee93372622bf55
at sun.reflect.NativeConstructorAccessorImpl.newInstance0(Native Method)
at sun.reflect.NativeConstructorAccessorImpl.newInstance(NativeConstructorAccessorImpl.java:62)
at sun.reflect.DelegatingConstructorAccessorImpl.newInstance(DelegatingConstructorAccessorImpl.java:45)
at java.lang.reflect.Constructor.newInstance(Constructor.java:423)
at org.openqa.selenium.remote.codec.w3c.W3CHttpResponseCodec.createException(W3CHttpResponseCodec.java:200)
at org.openqa.selenium.remote.codec.w3c.W3CHttpResponseCodec.decode(W3CHttpResponseCodec.java:133)
at org.openqa.selenium.remote.codec.w3c.W3CHttpResponseCodec.decode(W3CHttpResponseCodec.java:53)
at org.openqa.selenium.remote.HttpCommandExecutor.execute(HttpCommandExecutor.java:184)
at org.openqa.selenium.remote.service.DriverCommandExecutor.invokeExecute(DriverCommandExecutor.java:167)
at org.openqa.selenium.remote.service.DriverCommandExecutor.execute(DriverCommandExecutor.java:142)
at org.openqa.selenium.remote.RemoteWebDriver.execute(RemoteWebDriver.java:558)
at org.openqa.selenium.remote.ElementLocation$ElementFinder$2.findElement(ElementLocation.java:162)
at org.openqa.selenium.remote.ElementLocation.findElement(ElementLocation.java:60)
at org.openqa.selenium.remote.RemoteWebDriver.findElement(RemoteWebDriver.java:382)
at org.openqa.selenium.remote.RemoteWebDriver.findElement(RemoteWebDriver.java:374)
at org.openqa.selenium.support.pagefactory.DefaultElementLocator.findElement(DefaultElementLocator.java:70)
at org.openqa.selenium.support.pagefactory.internal.LocatingElementHandler.invoke(LocatingElementHandler.java:39)
at com.sun.proxy.$Proxy15.isDisplayed(Unknown Source)
at com.Tour.qa.pages.LoginPage.loginEmpty(LoginPage.java:99)
at com.Tour.qa.testdata.LoginTest.loginPageOnEmptyEmailField(LoginTest.java:77)
at sun.reflect.NativeMethodAccessorImpl.invoke0(Native Method)
at sun.reflect.NativeMethodAccessorImpl.invoke(NativeMethodAccessorImpl.java:62)
at sun.reflect.DelegatingMethodAccessorImpl.invoke(DelegatingMethodAccessorImpl.java:43)
at java.lang.reflect.Method.invoke(Method.java:498)
at org.testng.internal.MethodInvocationHelper.invokeMethod(MethodInvocationHelper.java:133)
at org.testng.internal.TestInvoker.invokeMethod(TestInvoker.java:598)
at org.testng.internal.TestInvoker.invokeTestMethod(TestInvoker.java:173)
at org.testng.internal.MethodRunner.runInSequence(MethodRunner.java:46)
at org.testng.internal.TestInvoker$MethodInvocationAgent.invoke(TestInvoker.java:824)
at org.testng.internal.TestInvoker.invokeTestMethods(TestInvoker.java:146)
at org.testng.internal.TestMethodWorker.invokeTestMethods(TestMethodWorker.java:146)
at org.testng.internal.TestMethodWorker.run(TestMethodWorker.java:128)
at java.util.ArrayList.forEach(ArrayList.java:1259)
at org.testng.TestRunner.privateRun(TestRunner.java:794)
at org.testng.TestRunner.run(TestRunner.java:596)
at org.testng.SuiteRunner.runTest(SuiteRunner.java:377)
at org.testng.SuiteRunner.runSequentially(SuiteRunner.java:371)
at org.testng.SuiteRunner.privateRun(SuiteRunner.java:332)
at org.testng.SuiteRunner.run(SuiteRunner.java:276)
at org.testng.SuiteRunnerWorker.runSuite(SuiteRunnerWorker.java:53)
at org.testng.SuiteRunnerWorker.run(SuiteRunnerWorker.java:96)
at org.testng.TestNG.runSuitesSequentially(TestNG.java:1212)
at org.testng.TestNG.runSuitesLocally(TestNG.java:1134)
at org.testng.TestNG.runSuites(TestNG.java:1063)
at org.testng.TestNG.run(TestNG.java:1031)
at org.testng.remote.AbstractRemoteTestNG.run(AbstractRemoteTestNG.java:115)
at org.testng.remote.RemoteTestNG.initAndRun(RemoteTestNG.java:251)
at org.testng.remote.RemoteTestNG.main(RemoteTestNG.java:77)
]]>
            </full-stacktrace>
          </exception> <!-- org.openqa.selenium.NoSuchElementException -->
          <reporter-output>
          </reporter-output>
        </test-method> <!-- loginPageOnEmptyEmailField -->
        <test-method status="PASS" signature="tearDown()[pri:0, instance:com.Tour.qa.testdata.LoginTest@3d3fcdb0]" name="tearDown" is-config="true" duration-ms="1141" started-at="2022-04-23T21:19:47 PKT" finished-at="2022-04-23T21:19:48 PKT">
          <reporter-output>
          </reporter-output>
        </test-method> <!-- tearDown -->
      </class> <!-- com.Tour.qa.testdata.LoginTest -->
    </test> <!-- Chick-fil-A®Backstage Tour Test Cases -->
  </suite> <!-- Chick-fil-A® Backstage Tour Automation Test -->
</testng-results>
